# $ cd /

# /
# $ ls

# dir dcvzbqf

# 23804 gsdpmrq.bsz

#           23804 /gsdpmrq.bsz
# 24936 nfngbl.mcn

#           24936 /nfngbl.mcn
# 178747 plw.frm

#          178747 /plw.frm
# dir qdtw

# dir qmfvph

# $ cd dcvzbqf

# /dcvzbqf
# $ ls

# dir gfvl

# $ cd gfvl

# /dcvzbqf/gfvl
# $ ls

# 104564 dnbmm.bgc

#          104564 /dcvzbqf/gfvl/dnbmm.bgc
# $ cd ..

# /dcvzbqf
# $ cd ..

# /
# $ cd qdtw

# /qdtw
# $ ls

# dir fsj

# dir jwfbvmds

# 216592 pcg.wnr

#          216592 /qdtw/pcg.wnr
# dir pwnhpm

# dir qbrpq

# dir wdc

# dir wpw

# dir zbfgmw

# $ cd fsj

# /qdtw/fsj
# $ ls

# 118575 ltbr.mdf

#          118575 /qdtw/fsj/ltbr.mdf
# $ cd ..

# /qdtw
# $ cd jwfbvmds

# /qdtw/jwfbvmds
# $ ls

# dir bbvg

# dir bds

# dir clvljpb

# 44460 gwbbbgj.hbs

#           44460 /qdtw/jwfbvmds/gwbbbgj.hbs
# dir hzqlb

# dir jpvnzhf

# 61025 trdm.qps

#           61025 /qdtw/jwfbvmds/trdm.qps
# $ cd bbvg

# /qdtw/jwfbvmds/bbvg
# $ ls

# 219031 zbzgvsb

#          219031 /qdtw/jwfbvmds/bbvg/zbzgvsb
# 94339 zhfmsb.lvv

#           94339 /qdtw/jwfbvmds/bbvg/zhfmsb.lvv
# $ cd ..

# /qdtw/jwfbvmds
# $ cd bds

# /qdtw/jwfbvmds/bds
# $ ls

# 133483 hzqlb

#          133483 /qdtw/jwfbvmds/bds/hzqlb
# $ cd ..

# /qdtw/jwfbvmds
# $ cd clvljpb

# /qdtw/jwfbvmds/clvljpb
# $ ls

# 103511 bmm.dwc

#          103511 /qdtw/jwfbvmds/clvljpb/bmm.dwc
# 121211 clvljpb.fzn

#          121211 /qdtw/jwfbvmds/clvljpb/clvljpb.fzn
# 158145 dnbmm.fmm

#          158145 /qdtw/jwfbvmds/clvljpb/dnbmm.fmm
# 74998 pcg.wnr

#           74998 /qdtw/jwfbvmds/clvljpb/pcg.wnr
# dir psvtz

# $ cd psvtz

# /qdtw/jwfbvmds/clvljpb/psvtz
# $ ls

# dir gdj

# 167697 pcgjgc.wgl

#          167697 /qdtw/jwfbvmds/clvljpb/psvtz/pcgjgc.wgl
# 2613 qchfgv

#            2613 /qdtw/jwfbvmds/clvljpb/psvtz/qchfgv
# 91712 qsdzj.jng

#           91712 /qdtw/jwfbvmds/clvljpb/psvtz/qsdzj.jng
# $ cd gdj

# /qdtw/jwfbvmds/clvljpb/psvtz/gdj
# $ ls

# 133897 qchfgv

#          133897 /qdtw/jwfbvmds/clvljpb/psvtz/gdj/qchfgv
# dir vmcshh

# 93805 zgmvb.jfg

#           93805 /qdtw/jwfbvmds/clvljpb/psvtz/gdj/zgmvb.jfg
# $ cd vmcshh

# /qdtw/jwfbvmds/clvljpb/psvtz/gdj/vmcshh
# $ ls

# 200517 zgwwvb.pcs

#          200517 /qdtw/jwfbvmds/clvljpb/psvtz/gdj/vmcshh/zgwwvb.pcs
# $ cd ..

# /qdtw/jwfbvmds/clvljpb/psvtz/gdj
# $ cd ..

# /qdtw/jwfbvmds/clvljpb/psvtz
# $ cd ..

# /qdtw/jwfbvmds/clvljpb
# $ cd ..

# /qdtw/jwfbvmds
# $ cd hzqlb

# /qdtw/jwfbvmds/hzqlb
# $ ls

# dir dnbmm

# $ cd dnbmm

# /qdtw/jwfbvmds/hzqlb/dnbmm
# $ ls

# 223576 msrbz.wjs

#          223576 /qdtw/jwfbvmds/hzqlb/dnbmm/msrbz.wjs
# $ cd ..

# /qdtw/jwfbvmds/hzqlb
# $ cd ..

# /qdtw/jwfbvmds
# $ cd jpvnzhf

# /qdtw/jwfbvmds/jpvnzhf
# $ ls

# 20581 nfngbl.mcn

#           20581 /qdtw/jwfbvmds/jpvnzhf/nfngbl.mcn
# $ cd ..

# /qdtw/jwfbvmds
# $ cd ..

# /qdtw
# $ cd pwnhpm

# /qdtw/pwnhpm
# $ ls

# dir clvljpb

# 33727 hzqlb.zpp

#           33727 /qdtw/pwnhpm/hzqlb.zpp
# 39037 lfjjf.pjt

#           39037 /qdtw/pwnhpm/lfjjf.pjt
# 163662 mbwfhq.cjj

#          163662 /qdtw/pwnhpm/mbwfhq.cjj
# 236292 nfngbl.mcn

#          236292 /qdtw/pwnhpm/nfngbl.mcn
# 189576 zvbgnbvf

#          189576 /qdtw/pwnhpm/zvbgnbvf
# $ cd clvljpb

# /qdtw/pwnhpm/clvljpb
# $ ls

# dir clvljpb

# 212906 clvljpb.pls

#          212906 /qdtw/pwnhpm/clvljpb/clvljpb.pls
# 214564 dnm

#          214564 /qdtw/pwnhpm/clvljpb/dnm
# dir fvgbsft

# 230034 hzqlb.jvz

#          230034 /qdtw/pwnhpm/clvljpb/hzqlb.jvz
# 48101 plw.frm

#           48101 /qdtw/pwnhpm/clvljpb/plw.frm
# 237902 qchfgv

#          237902 /qdtw/pwnhpm/clvljpb/qchfgv
# $ cd clvljpb

# /qdtw/pwnhpm/clvljpb/clvljpb
# $ ls

# dir hzqlb

# dir zhq

# $ cd hzqlb

# /qdtw/pwnhpm/clvljpb/clvljpb/hzqlb
# $ ls

# 189238 cvgp

#          189238 /qdtw/pwnhpm/clvljpb/clvljpb/hzqlb/cvgp
# dir gjg

# $ cd gjg

# /qdtw/pwnhpm/clvljpb/clvljpb/hzqlb/gjg
# $ ls

# 167082 ttltfz.bvz

#          167082 /qdtw/pwnhpm/clvljpb/clvljpb/hzqlb/gjg/ttltfz.bvz
# $ cd ..

# /qdtw/pwnhpm/clvljpb/clvljpb/hzqlb
# $ cd ..

# /qdtw/pwnhpm/clvljpb/clvljpb
# $ cd zhq

# /qdtw/pwnhpm/clvljpb/clvljpb/zhq
# $ ls

# 203202 nfngbl.mcn

#          203202 /qdtw/pwnhpm/clvljpb/clvljpb/zhq/nfngbl.mcn
# 212148 qhnnr.dhs

#          212148 /qdtw/pwnhpm/clvljpb/clvljpb/zhq/qhnnr.dhs
# $ cd ..

# /qdtw/pwnhpm/clvljpb/clvljpb
# $ cd ..

# /qdtw/pwnhpm/clvljpb
# $ cd fvgbsft

# /qdtw/pwnhpm/clvljpb/fvgbsft
# $ ls

# dir fzhwsjf

# 18477 nps

#           18477 /qdtw/pwnhpm/clvljpb/fvgbsft/nps
# dir vlplrn

# dir vnbg

# dir vpc

# $ cd fzhwsjf

# /qdtw/pwnhpm/clvljpb/fvgbsft/fzhwsjf
# $ ls

# 91220 clvljpb.png

#           91220 /qdtw/pwnhpm/clvljpb/fvgbsft/fzhwsjf/clvljpb.png
# 235721 pcg.wnr

#          235721 /qdtw/pwnhpm/clvljpb/fvgbsft/fzhwsjf/pcg.wnr
# 61559 qchfgv

#           61559 /qdtw/pwnhpm/clvljpb/fvgbsft/fzhwsjf/qchfgv
# 70762 vpr.nlc

#           70762 /qdtw/pwnhpm/clvljpb/fvgbsft/fzhwsjf/vpr.nlc
# $ cd ..

# /qdtw/pwnhpm/clvljpb/fvgbsft
# $ cd vlplrn

# /qdtw/pwnhpm/clvljpb/fvgbsft/vlplrn
# $ ls

# 260247 qrtnfmln.tpv

#          260247 /qdtw/pwnhpm/clvljpb/fvgbsft/vlplrn/qrtnfmln.tpv
# $ cd ..

# /qdtw/pwnhpm/clvljpb/fvgbsft
# $ cd vnbg

# /qdtw/pwnhpm/clvljpb/fvgbsft/vnbg
# $ ls

# 43069 ttltfz.mzr

#           43069 /qdtw/pwnhpm/clvljpb/fvgbsft/vnbg/ttltfz.mzr
# dir wfb

# 58219 zgwwvb.pcs

#           58219 /qdtw/pwnhpm/clvljpb/fvgbsft/vnbg/zgwwvb.pcs
# 272132 zhq.mrw

#          272132 /qdtw/pwnhpm/clvljpb/fvgbsft/vnbg/zhq.mrw
# $ cd wfb

# /qdtw/pwnhpm/clvljpb/fvgbsft/vnbg/wfb
# $ ls

# 107068 clvljpb.mtp

#          107068 /qdtw/pwnhpm/clvljpb/fvgbsft/vnbg/wfb/clvljpb.mtp
# $ cd ..

# /qdtw/pwnhpm/clvljpb/fvgbsft/vnbg
# $ cd ..

# /qdtw/pwnhpm/clvljpb/fvgbsft
# $ cd vpc

# /qdtw/pwnhpm/clvljpb/fvgbsft/vpc
# $ ls

# 185602 dnbmm.hfm

#          185602 /qdtw/pwnhpm/clvljpb/fvgbsft/vpc/dnbmm.hfm
# 100399 hzqlb.vtn

#          100399 /qdtw/pwnhpm/clvljpb/fvgbsft/vpc/hzqlb.vtn
# 259486 pcg.wnr

#          259486 /qdtw/pwnhpm/clvljpb/fvgbsft/vpc/pcg.wnr
# $ cd ..

# /qdtw/pwnhpm/clvljpb/fvgbsft
# $ cd ..

# /qdtw/pwnhpm/clvljpb
# $ cd ..

# /qdtw/pwnhpm
# $ cd ..

# /qdtw
# $ cd qbrpq

# /qdtw/qbrpq
# $ ls

# 138169 cntvzqfm.hgp

#          138169 /qdtw/qbrpq/cntvzqfm.hgp
# 216598 dnbmm.lhs

#          216598 /qdtw/qbrpq/dnbmm.lhs
# 116696 nfngbl.mcn

#          116696 /qdtw/qbrpq/nfngbl.mcn
# 35315 phf.rvn

#           35315 /qdtw/qbrpq/phf.rvn
# $ cd ..

# /qdtw
# $ cd wdc

# /qdtw/wdc
# $ ls

# 270492 ghdzdq.ghg

#          270492 /qdtw/wdc/ghdzdq.ghg
# 137119 lnt.nsd

#          137119 /qdtw/wdc/lnt.nsd
# $ cd ..

# /qdtw
# $ cd wpw

# /qdtw/wpw
# $ ls

# dir dnbmm

# 156266 jgfv.cpp

#          156266 /qdtw/wpw/jgfv.cpp
# 156947 lvlqcrrs.djl

#          156947 /qdtw/wpw/lvlqcrrs.djl
# dir lvznwbpg

# 12199 nfngbl.mcn

#           12199 /qdtw/wpw/nfngbl.mcn
# 54105 nlsp

#           54105 /qdtw/wpw/nlsp
# 86737 zhq.wmz

#           86737 /qdtw/wpw/zhq.wmz
# $ cd dnbmm

# /qdtw/wpw/dnbmm
# $ ls

# 138125 lth.hcq

#          138125 /qdtw/wpw/dnbmm/lth.hcq
# 80844 nhh.gzc

#           80844 /qdtw/wpw/dnbmm/nhh.gzc
# 149596 ttltfz.ntn

#          149596 /qdtw/wpw/dnbmm/ttltfz.ntn
# $ cd ..

# /qdtw/wpw
# $ cd lvznwbpg

# /qdtw/wpw/lvznwbpg
# $ ls

# 99156 ldtst.dcr

#           99156 /qdtw/wpw/lvznwbpg/ldtst.dcr
# 217350 pcg.wnr

#          217350 /qdtw/wpw/lvznwbpg/pcg.wnr
# 247238 plw.frm

#          247238 /qdtw/wpw/lvznwbpg/plw.frm
# dir qbqpsccr

# dir wnms

# dir zhq

# 165426 zmhnzdmb.jnc

#          165426 /qdtw/wpw/lvznwbpg/zmhnzdmb.jnc
# $ cd qbqpsccr

# /qdtw/wpw/lvznwbpg/qbqpsccr
# $ ls

# 272199 pcg.wnr

#          272199 /qdtw/wpw/lvznwbpg/qbqpsccr/pcg.wnr
# 219600 wpjqjm.qwr

#          219600 /qdtw/wpw/lvznwbpg/qbqpsccr/wpjqjm.qwr
# 257473 zhq.zmq

#          257473 /qdtw/wpw/lvznwbpg/qbqpsccr/zhq.zmq
# $ cd ..

# /qdtw/wpw/lvznwbpg
# $ cd wnms

# /qdtw/wpw/lvznwbpg/wnms
# $ ls

# dir ttltfz

# $ cd ttltfz

# /qdtw/wpw/lvznwbpg/wnms/ttltfz
# $ ls

# dir btm

# $ cd btm

# /qdtw/wpw/lvznwbpg/wnms/ttltfz/btm
# $ ls

# dir hzqlb

# $ cd hzqlb

# /qdtw/wpw/lvznwbpg/wnms/ttltfz/btm/hzqlb
# $ ls

# dir ttltfz

# $ cd ttltfz

# /qdtw/wpw/lvznwbpg/wnms/ttltfz/btm/hzqlb/ttltfz
# $ ls

# 204980 hzqlb.hhm

#          204980 /qdtw/wpw/lvznwbpg/wnms/ttltfz/btm/hzqlb/ttltfz/hzqlb.hhm
# $ cd ..

# /qdtw/wpw/lvznwbpg/wnms/ttltfz/btm/hzqlb
# $ cd ..

# /qdtw/wpw/lvznwbpg/wnms/ttltfz/btm
# $ cd ..

# /qdtw/wpw/lvznwbpg/wnms/ttltfz
# $ cd ..

# /qdtw/wpw/lvznwbpg/wnms
# $ cd ..

# /qdtw/wpw/lvznwbpg
# $ cd zhq

# /qdtw/wpw/lvznwbpg/zhq
# $ ls

# 154868 srdfz

#          154868 /qdtw/wpw/lvznwbpg/zhq/srdfz
# $ cd ..

# /qdtw/wpw/lvznwbpg
# $ cd ..

# /qdtw/wpw
# $ cd ..

# /qdtw
# $ cd zbfgmw

# /qdtw/zbfgmw
# $ ls

# dir fcjwpgz

# dir ttltfz

# dir zhq

# $ cd fcjwpgz

# /qdtw/zbfgmw/fcjwpgz
# $ ls

# dir jltvg

# 9958 qchfgv

#            9958 /qdtw/zbfgmw/fcjwpgz/qchfgv
# dir wwqrb

# $ cd jltvg

# /qdtw/zbfgmw/fcjwpgz/jltvg
# $ ls

# 6370 bssvrjdq.mnr

#            6370 /qdtw/zbfgmw/fcjwpgz/jltvg/bssvrjdq.mnr
# $ cd ..

# /qdtw/zbfgmw/fcjwpgz
# $ cd wwqrb

# /qdtw/zbfgmw/fcjwpgz/wwqrb
# $ ls

# 157805 npdl

#          157805 /qdtw/zbfgmw/fcjwpgz/wwqrb/npdl
# 237057 qchfgv

#          237057 /qdtw/zbfgmw/fcjwpgz/wwqrb/qchfgv
# dir twrp

# 259572 vptsgw

#          259572 /qdtw/zbfgmw/fcjwpgz/wwqrb/vptsgw
# 176388 zgwwvb.pcs

#          176388 /qdtw/zbfgmw/fcjwpgz/wwqrb/zgwwvb.pcs
# 91956 zhq

#           91956 /qdtw/zbfgmw/fcjwpgz/wwqrb/zhq
# $ cd twrp

# /qdtw/zbfgmw/fcjwpgz/wwqrb/twrp
# $ ls

# dir sfvntjwf

# $ cd sfvntjwf

# /qdtw/zbfgmw/fcjwpgz/wwqrb/twrp/sfvntjwf
# $ ls

# 68331 hdwfg.jrl

#           68331 /qdtw/zbfgmw/fcjwpgz/wwqrb/twrp/sfvntjwf/hdwfg.jrl
# $ cd ..

# /qdtw/zbfgmw/fcjwpgz/wwqrb/twrp
# $ cd ..

# /qdtw/zbfgmw/fcjwpgz/wwqrb
# $ cd ..

# /qdtw/zbfgmw/fcjwpgz
# $ cd ..

# /qdtw/zbfgmw
# $ cd ttltfz

# /qdtw/zbfgmw/ttltfz
# $ ls

# 41183 plw.frm

#           41183 /qdtw/zbfgmw/ttltfz/plw.frm
# $ cd ..

# /qdtw/zbfgmw
# $ cd zhq

# /qdtw/zbfgmw/zhq
# $ ls

# 32950 dmzbmrdr.gtq

#           32950 /qdtw/zbfgmw/zhq/dmzbmrdr.gtq
# dir zhq

# $ cd zhq

# /qdtw/zbfgmw/zhq/zhq
# $ ls

# 195502 dmgmwbf

#          195502 /qdtw/zbfgmw/zhq/zhq/dmgmwbf
# $ cd ..

# /qdtw/zbfgmw/zhq
# $ cd ..

# /qdtw/zbfgmw
# $ cd ..

# /qdtw
# $ cd ..

# /
# $ cd qmfvph

# /qmfvph
# $ ls

# dir cwfh

# dir dnbmm

# dir mmmdpth

# 4841 pcg.wnr

#            4841 /qmfvph/pcg.wnr
# dir prnpbn

# 111478 sgmg.hbs

#          111478 /qmfvph/sgmg.hbs
# dir ttltfz

# 178296 ttltfz.mjc

#          178296 /qmfvph/ttltfz.mjc
# dir zcvfqn

# dir zhq

# 32446 zhq.pjm

#           32446 /qmfvph/zhq.pjm
# dir zpb

# $ cd cwfh

# /qmfvph/cwfh
# $ ls

# dir dswtm

# dir mwzjf

# $ cd dswtm

# /qmfvph/cwfh/dswtm
# $ ls

# 70390 fmq.mrp

#           70390 /qmfvph/cwfh/dswtm/fmq.mrp
# 108185 qjlfnlp

#          108185 /qmfvph/cwfh/dswtm/qjlfnlp
# 189923 zhq.njc

#          189923 /qmfvph/cwfh/dswtm/zhq.njc
# $ cd ..

# /qmfvph/cwfh
# $ cd mwzjf

# /qmfvph/cwfh/mwzjf
# $ ls

# 122536 glmpd.mdl

#          122536 /qmfvph/cwfh/mwzjf/glmpd.mdl
# 108226 nfngbl.mcn

#          108226 /qmfvph/cwfh/mwzjf/nfngbl.mcn
# dir qbvffr

# 33192 ttltfz

#           33192 /qmfvph/cwfh/mwzjf/ttltfz
# 195824 zgwwvb.pcs

#          195824 /qmfvph/cwfh/mwzjf/zgwwvb.pcs
# $ cd qbvffr

# /qmfvph/cwfh/mwzjf/qbvffr
# $ ls

# 147595 pcg.wnr

#          147595 /qmfvph/cwfh/mwzjf/qbvffr/pcg.wnr
# $ cd ..

# /qmfvph/cwfh/mwzjf
# $ cd ..

# /qmfvph/cwfh
# $ cd ..

# /qmfvph
# $ cd dnbmm

# /qmfvph/dnbmm
# $ ls

# dir cbdl

# dir fhqjzf

# 56752 gsgrnf.mlt

#           56752 /qmfvph/dnbmm/gsgrnf.mlt
# dir ndp

# 67967 nfngbl.mcn

#           67967 /qmfvph/dnbmm/nfngbl.mcn
# dir swgwdv

# $ cd cbdl

# /qmfvph/dnbmm/cbdl
# $ ls

# 263964 dnrbtr.lbh

#          263964 /qmfvph/dnbmm/cbdl/dnrbtr.lbh
# 66120 qchfgv

#           66120 /qmfvph/dnbmm/cbdl/qchfgv
# dir qwvd

# $ cd qwvd

# /qmfvph/dnbmm/cbdl/qwvd
# $ ls

# dir dnbmm

# 143315 mhlswpcd.lpt

#          143315 /qmfvph/dnbmm/cbdl/qwvd/mhlswpcd.lpt
# 199969 ncdrrp.ljf

#          199969 /qmfvph/dnbmm/cbdl/qwvd/ncdrrp.ljf
# $ cd dnbmm

# /qmfvph/dnbmm/cbdl/qwvd/dnbmm
# $ ls

# 122474 pcg.wnr

#          122474 /qmfvph/dnbmm/cbdl/qwvd/dnbmm/pcg.wnr
# $ cd ..

# /qmfvph/dnbmm/cbdl/qwvd
# $ cd ..

# /qmfvph/dnbmm/cbdl
# $ cd ..

# /qmfvph/dnbmm
# $ cd fhqjzf

# /qmfvph/dnbmm/fhqjzf
# $ ls

# dir fnnbrlc

# dir hzqlb

# 254128 pcg.wnr

#          254128 /qmfvph/dnbmm/fhqjzf/pcg.wnr
# 168008 plw.frm

#          168008 /qmfvph/dnbmm/fhqjzf/plw.frm
# dir vwgvd

# dir zhq

# $ cd fnnbrlc

# /qmfvph/dnbmm/fhqjzf/fnnbrlc
# $ ls

# 156413 dnbmm.ngb

#          156413 /qmfvph/dnbmm/fhqjzf/fnnbrlc/dnbmm.ngb
# 30790 zbfnjnnz.csg

#           30790 /qmfvph/dnbmm/fhqjzf/fnnbrlc/zbfnjnnz.csg
# $ cd ..

# /qmfvph/dnbmm/fhqjzf
# $ cd hzqlb

# /qmfvph/dnbmm/fhqjzf/hzqlb
# $ ls

# 267451 cgzrdpr

#          267451 /qmfvph/dnbmm/fhqjzf/hzqlb/cgzrdpr
# 77460 nfngbl.mcn

#           77460 /qmfvph/dnbmm/fhqjzf/hzqlb/nfngbl.mcn
# 205978 plw.frm

#          205978 /qmfvph/dnbmm/fhqjzf/hzqlb/plw.frm
# 66224 sjw.ctb

#           66224 /qmfvph/dnbmm/fhqjzf/hzqlb/sjw.ctb
# 212873 zgwwvb.pcs

#          212873 /qmfvph/dnbmm/fhqjzf/hzqlb/zgwwvb.pcs
# $ cd ..

# /qmfvph/dnbmm/fhqjzf
# $ cd vwgvd

# /qmfvph/dnbmm/fhqjzf/vwgvd
# $ ls

# 161177 phdbz.tmc

#          161177 /qmfvph/dnbmm/fhqjzf/vwgvd/phdbz.tmc
# $ cd ..

# /qmfvph/dnbmm/fhqjzf
# $ cd zhq

# /qmfvph/dnbmm/fhqjzf/zhq
# $ ls

# dir hchlgv

# 218946 rfngrlz.zzr

#          218946 /qmfvph/dnbmm/fhqjzf/zhq/rfngrlz.zzr
# dir zhq

# $ cd hchlgv

# /qmfvph/dnbmm/fhqjzf/zhq/hchlgv
# $ ls

# dir dnbmm

# 270943 hcpnwbd

#          270943 /qmfvph/dnbmm/fhqjzf/zhq/hchlgv/hcpnwbd
# dir hzqlb

# 13433 wdljw.cgn

#           13433 /qmfvph/dnbmm/fhqjzf/zhq/hchlgv/wdljw.cgn
# $ cd dnbmm

# /qmfvph/dnbmm/fhqjzf/zhq/hchlgv/dnbmm
# $ ls

# 150415 pcg.wnr

#          150415 /qmfvph/dnbmm/fhqjzf/zhq/hchlgv/dnbmm/pcg.wnr
# $ cd ..

# /qmfvph/dnbmm/fhqjzf/zhq/hchlgv
# $ cd hzqlb

# /qmfvph/dnbmm/fhqjzf/zhq/hchlgv/hzqlb
# $ ls

# 44475 qcvwtfg.wrl

#           44475 /qmfvph/dnbmm/fhqjzf/zhq/hchlgv/hzqlb/qcvwtfg.wrl
# $ cd ..

# /qmfvph/dnbmm/fhqjzf/zhq/hchlgv
# $ cd ..

# /qmfvph/dnbmm/fhqjzf/zhq
# $ cd zhq

# /qmfvph/dnbmm/fhqjzf/zhq/zhq
# $ ls

# 155076 ggndpjzp.rpz

#          155076 /qmfvph/dnbmm/fhqjzf/zhq/zhq/ggndpjzp.rpz
# $ cd ..

# /qmfvph/dnbmm/fhqjzf/zhq
# $ cd ..

# /qmfvph/dnbmm/fhqjzf
# $ cd ..

# /qmfvph/dnbmm
# $ cd ndp

# /qmfvph/dnbmm/ndp
# $ ls

# 112146 nfw.htp

#          112146 /qmfvph/dnbmm/ndp/nfw.htp
# 207815 vqwtw.qff

#          207815 /qmfvph/dnbmm/ndp/vqwtw.qff
# $ cd ..

# /qmfvph/dnbmm
# $ cd swgwdv

# /qmfvph/dnbmm/swgwdv
# $ ls

# dir dmqn

# dir fzgdjp

# 205897 hzqlb.vtm

#          205897 /qmfvph/dnbmm/swgwdv/hzqlb.vtm
# 226944 nfngbl.mcn

#          226944 /qmfvph/dnbmm/swgwdv/nfngbl.mcn
# 259443 nrfpz.vmn

#          259443 /qmfvph/dnbmm/swgwdv/nrfpz.vmn
# 136591 zgwwvb.pcs

#          136591 /qmfvph/dnbmm/swgwdv/zgwwvb.pcs
# $ cd dmqn

# /qmfvph/dnbmm/swgwdv/dmqn
# $ ls

# 258693 gdplrzt.wzf

#          258693 /qmfvph/dnbmm/swgwdv/dmqn/gdplrzt.wzf
# 141489 hzqlb

#          141489 /qmfvph/dnbmm/swgwdv/dmqn/hzqlb
# 225488 pghz.brw

#          225488 /qmfvph/dnbmm/swgwdv/dmqn/pghz.brw
# $ cd ..

# /qmfvph/dnbmm/swgwdv
# $ cd fzgdjp

# /qmfvph/dnbmm/swgwdv/fzgdjp
# $ ls

# 206026 msthjppp

#          206026 /qmfvph/dnbmm/swgwdv/fzgdjp/msthjppp
# $ cd ..

# /qmfvph/dnbmm/swgwdv
# $ cd ..

# /qmfvph/dnbmm
# $ cd ..

# /qmfvph
# $ cd mmmdpth

# /qmfvph/mmmdpth
# $ ls

# dir clvljpb

# dir hzqlb

# 263747 pcg.wnr

#          263747 /qmfvph/mmmdpth/pcg.wnr
# $ cd clvljpb

# /qmfvph/mmmdpth/clvljpb
# $ ls

# 168342 qhgndmj

#          168342 /qmfvph/mmmdpth/clvljpb/qhgndmj
# $ cd ..

# /qmfvph/mmmdpth
# $ cd hzqlb

# /qmfvph/mmmdpth/hzqlb
# $ ls

# dir lqvgqhw

# $ cd lqvgqhw

# /qmfvph/mmmdpth/hzqlb/lqvgqhw
# $ ls

# 218324 swnjhbj.cqt

#          218324 /qmfvph/mmmdpth/hzqlb/lqvgqhw/swnjhbj.cqt
# $ cd ..

# /qmfvph/mmmdpth/hzqlb
# $ cd ..

# /qmfvph/mmmdpth
# $ cd ..

# /qmfvph
# $ cd prnpbn

# /qmfvph/prnpbn
# $ ls

# dir dndnhn

# 176959 gzhtvt

#          176959 /qmfvph/prnpbn/gzhtvt
# 85765 hzqlb.clg

#           85765 /qmfvph/prnpbn/hzqlb.clg
# 120691 nfngbl.mcn

#          120691 /qmfvph/prnpbn/nfngbl.mcn
# 245942 qchfgv

#          245942 /qmfvph/prnpbn/qchfgv
# 43951 zgwwvb.pcs

#           43951 /qmfvph/prnpbn/zgwwvb.pcs
# $ cd dndnhn

# /qmfvph/prnpbn/dndnhn
# $ ls

# 235760 dhvvnqpt

#          235760 /qmfvph/prnpbn/dndnhn/dhvvnqpt
# dir hvg

# dir jqvmzg

# dir mhz

# $ cd hvg

# /qmfvph/prnpbn/dndnhn/hvg
# $ ls

# 167698 zqbj

#          167698 /qmfvph/prnpbn/dndnhn/hvg/zqbj
# $ cd ..

# /qmfvph/prnpbn/dndnhn
# $ cd jqvmzg

# /qmfvph/prnpbn/dndnhn/jqvmzg
# $ ls

# 218904 wppv.mqz

#          218904 /qmfvph/prnpbn/dndnhn/jqvmzg/wppv.mqz
# dir zlp

# $ cd zlp

# /qmfvph/prnpbn/dndnhn/jqvmzg/zlp
# $ ls

# 8030 wvj.gld

#            8030 /qmfvph/prnpbn/dndnhn/jqvmzg/zlp/wvj.gld
# $ cd ..

# /qmfvph/prnpbn/dndnhn/jqvmzg
# $ cd ..

# /qmfvph/prnpbn/dndnhn
# $ cd mhz

# /qmfvph/prnpbn/dndnhn/mhz
# $ ls

# 37541 tdfvwqlj

#           37541 /qmfvph/prnpbn/dndnhn/mhz/tdfvwqlj
# $ cd ..

# /qmfvph/prnpbn/dndnhn
# $ cd ..

# /qmfvph/prnpbn
# $ cd ..

# /qmfvph
# $ cd ttltfz

# /qmfvph/ttltfz
# $ ls

# dir dnbmm

# dir ttltfz

# dir wbvcf

# dir wsqvpp

# 148645 zgwwvb.pcs

#          148645 /qmfvph/ttltfz/zgwwvb.pcs
# $ cd dnbmm

# /qmfvph/ttltfz/dnbmm
# $ ls

# 116852 mjzgll.bcp

#          116852 /qmfvph/ttltfz/dnbmm/mjzgll.bcp
# $ cd ..

# /qmfvph/ttltfz
# $ cd ttltfz

# /qmfvph/ttltfz/ttltfz
# $ ls

# dir hzqlb

# dir msczpj

# dir mvbhn

# 38087 nfngbl.mcn

#           38087 /qmfvph/ttltfz/ttltfz/nfngbl.mcn
# dir ttjbnj

# dir ttltfz

# dir vjj

# dir zhq

# dir zqgcbnrt

# $ cd hzqlb

# /qmfvph/ttltfz/ttltfz/hzqlb
# $ ls

# dir jshj

# dir jtjv

# dir mgfwthq

# dir zhq

# $ cd jshj

# /qmfvph/ttltfz/ttltfz/hzqlb/jshj
# $ ls

# 235605 cldpdjp.cbc

#          235605 /qmfvph/ttltfz/ttltfz/hzqlb/jshj/cldpdjp.cbc
# dir clvljpb

# dir dzcnm

# dir hmvw

# dir hzqlb

# dir ltpqhg

# 12951 qchfgv

#           12951 /qmfvph/ttltfz/ttltfz/hzqlb/jshj/qchfgv
# dir wzvjft

# $ cd clvljpb

# /qmfvph/ttltfz/ttltfz/hzqlb/jshj/clvljpb
# $ ls

# 65802 lnpjlj

#           65802 /qmfvph/ttltfz/ttltfz/hzqlb/jshj/clvljpb/lnpjlj
# 25402 qrtrvmwl.fms

#           25402 /qmfvph/ttltfz/ttltfz/hzqlb/jshj/clvljpb/qrtrvmwl.fms
# $ cd ..

# /qmfvph/ttltfz/ttltfz/hzqlb/jshj
# $ cd dzcnm

# /qmfvph/ttltfz/ttltfz/hzqlb/jshj/dzcnm
# $ ls

# dir cpnwcv

# dir hzqlb

# dir mjclcntf

# dir qnljb

# 237105 rlpvq.fbf

#          237105 /qmfvph/ttltfz/ttltfz/hzqlb/jshj/dzcnm/rlpvq.fbf
# dir zhq

# $ cd cpnwcv

# /qmfvph/ttltfz/ttltfz/hzqlb/jshj/dzcnm/cpnwcv
# $ ls

# 27600 qbgclqc.tdd

#           27600 /qmfvph/ttltfz/ttltfz/hzqlb/jshj/dzcnm/cpnwcv/qbgclqc.tdd
# $ cd ..

# /qmfvph/ttltfz/ttltfz/hzqlb/jshj/dzcnm
# $ cd hzqlb

# /qmfvph/ttltfz/ttltfz/hzqlb/jshj/dzcnm/hzqlb
# $ ls

# 168016 zhq

#          168016 /qmfvph/ttltfz/ttltfz/hzqlb/jshj/dzcnm/hzqlb/zhq
# $ cd ..

# /qmfvph/ttltfz/ttltfz/hzqlb/jshj/dzcnm
# $ cd mjclcntf

# /qmfvph/ttltfz/ttltfz/hzqlb/jshj/dzcnm/mjclcntf
# $ ls

# dir clvljpb

# dir qpjtr

# 43145 zgwwvb.pcs

#           43145 /qmfvph/ttltfz/ttltfz/hzqlb/jshj/dzcnm/mjclcntf/zgwwvb.pcs
# $ cd clvljpb

# /qmfvph/ttltfz/ttltfz/hzqlb/jshj/dzcnm/mjclcntf/clvljpb
# $ ls

# 15025 plw.frm

#           15025 /qmfvph/ttltfz/ttltfz/hzqlb/jshj/dzcnm/mjclcntf/clvljpb/plw.frm
# $ cd ..

# /qmfvph/ttltfz/ttltfz/hzqlb/jshj/dzcnm/mjclcntf
# $ cd qpjtr

# /qmfvph/ttltfz/ttltfz/hzqlb/jshj/dzcnm/mjclcntf/qpjtr
# $ ls

# 54909 zhq

#           54909 /qmfvph/ttltfz/ttltfz/hzqlb/jshj/dzcnm/mjclcntf/qpjtr/zhq
# $ cd ..

# /qmfvph/ttltfz/ttltfz/hzqlb/jshj/dzcnm/mjclcntf
# $ cd ..

# /qmfvph/ttltfz/ttltfz/hzqlb/jshj/dzcnm
# $ cd qnljb

# /qmfvph/ttltfz/ttltfz/hzqlb/jshj/dzcnm/qnljb
# $ ls

# 49366 clvljpb.vtg

#           49366 /qmfvph/ttltfz/ttltfz/hzqlb/jshj/dzcnm/qnljb/clvljpb.vtg
# 52193 fnd.tfr

#           52193 /qmfvph/ttltfz/ttltfz/hzqlb/jshj/dzcnm/qnljb/fnd.tfr
# $ cd ..

# /qmfvph/ttltfz/ttltfz/hzqlb/jshj/dzcnm
# $ cd zhq

# /qmfvph/ttltfz/ttltfz/hzqlb/jshj/dzcnm/zhq
# $ ls

# 105765 dfnqhggg.cfj

#          105765 /qmfvph/ttltfz/ttltfz/hzqlb/jshj/dzcnm/zhq/dfnqhggg.cfj
# dir hfzgs

# 135556 spff

#          135556 /qmfvph/ttltfz/ttltfz/hzqlb/jshj/dzcnm/zhq/spff
# 129957 vzgjrc.cbs

#          129957 /qmfvph/ttltfz/ttltfz/hzqlb/jshj/dzcnm/zhq/vzgjrc.cbs
# $ cd hfzgs

# /qmfvph/ttltfz/ttltfz/hzqlb/jshj/dzcnm/zhq/hfzgs
# $ ls

# 52456 ttltfz.fdq

#           52456 /qmfvph/ttltfz/ttltfz/hzqlb/jshj/dzcnm/zhq/hfzgs/ttltfz.fdq
# 31345 wcmf.hsd

#           31345 /qmfvph/ttltfz/ttltfz/hzqlb/jshj/dzcnm/zhq/hfzgs/wcmf.hsd
# $ cd ..

# /qmfvph/ttltfz/ttltfz/hzqlb/jshj/dzcnm/zhq
# $ cd ..

# /qmfvph/ttltfz/ttltfz/hzqlb/jshj/dzcnm
# $ cd ..

# /qmfvph/ttltfz/ttltfz/hzqlb/jshj
# $ cd hmvw

# /qmfvph/ttltfz/ttltfz/hzqlb/jshj/hmvw
# $ ls

# 77175 flhlwq.rqc

#           77175 /qmfvph/ttltfz/ttltfz/hzqlb/jshj/hmvw/flhlwq.rqc
# dir gmvqz

# 252279 gnmvm

#          252279 /qmfvph/ttltfz/ttltfz/hzqlb/jshj/hmvw/gnmvm
# dir lmbqfhb

# $ cd gmvqz

# /qmfvph/ttltfz/ttltfz/hzqlb/jshj/hmvw/gmvqz
# $ ls

# 129431 dnbmm.lwl

#          129431 /qmfvph/ttltfz/ttltfz/hzqlb/jshj/hmvw/gmvqz/dnbmm.lwl
# $ cd ..

# /qmfvph/ttltfz/ttltfz/hzqlb/jshj/hmvw
# $ cd lmbqfhb

# /qmfvph/ttltfz/ttltfz/hzqlb/jshj/hmvw/lmbqfhb
# $ ls

# dir wjql

# $ cd wjql

# /qmfvph/ttltfz/ttltfz/hzqlb/jshj/hmvw/lmbqfhb/wjql
# $ ls

# 48687 cgtbqqq.zzs

#           48687 /qmfvph/ttltfz/ttltfz/hzqlb/jshj/hmvw/lmbqfhb/wjql/cgtbqqq.zzs
# $ cd ..

# /qmfvph/ttltfz/ttltfz/hzqlb/jshj/hmvw/lmbqfhb
# $ cd ..

# /qmfvph/ttltfz/ttltfz/hzqlb/jshj/hmvw
# $ cd ..

# /qmfvph/ttltfz/ttltfz/hzqlb/jshj
# $ cd hzqlb

# /qmfvph/ttltfz/ttltfz/hzqlb/jshj/hzqlb
# $ ls

# 105333 mqsgqph

#          105333 /qmfvph/ttltfz/ttltfz/hzqlb/jshj/hzqlb/mqsgqph
# dir zhq

# $ cd zhq

# /qmfvph/ttltfz/ttltfz/hzqlb/jshj/hzqlb/zhq
# $ ls

# 116802 hbtlhjn.dvs

#          116802 /qmfvph/ttltfz/ttltfz/hzqlb/jshj/hzqlb/zhq/hbtlhjn.dvs
# 8842 pcg.wnr

#            8842 /qmfvph/ttltfz/ttltfz/hzqlb/jshj/hzqlb/zhq/pcg.wnr
# 211096 plw.frm

#          211096 /qmfvph/ttltfz/ttltfz/hzqlb/jshj/hzqlb/zhq/plw.frm
# $ cd ..

# /qmfvph/ttltfz/ttltfz/hzqlb/jshj/hzqlb
# $ cd ..

# /qmfvph/ttltfz/ttltfz/hzqlb/jshj
# $ cd ltpqhg

# /qmfvph/ttltfz/ttltfz/hzqlb/jshj/ltpqhg
# $ ls

# 245821 hchndjgj.vht

#          245821 /qmfvph/ttltfz/ttltfz/hzqlb/jshj/ltpqhg/hchndjgj.vht
# 229181 rcfmhrqm.ftc

#          229181 /qmfvph/ttltfz/ttltfz/hzqlb/jshj/ltpqhg/rcfmhrqm.ftc
# 214977 vgdsjg.jpd

#          214977 /qmfvph/ttltfz/ttltfz/hzqlb/jshj/ltpqhg/vgdsjg.jpd
# 124547 zgwwvb.pcs

#          124547 /qmfvph/ttltfz/ttltfz/hzqlb/jshj/ltpqhg/zgwwvb.pcs
# $ cd ..

# /qmfvph/ttltfz/ttltfz/hzqlb/jshj
# $ cd wzvjft

# /qmfvph/ttltfz/ttltfz/hzqlb/jshj/wzvjft
# $ ls

# dir fdntdf

# 174465 pcg.wnr

#          174465 /qmfvph/ttltfz/ttltfz/hzqlb/jshj/wzvjft/pcg.wnr
# 80888 qchfgv

#           80888 /qmfvph/ttltfz/ttltfz/hzqlb/jshj/wzvjft/qchfgv
# 82987 rqbzbrlv

#           82987 /qmfvph/ttltfz/ttltfz/hzqlb/jshj/wzvjft/rqbzbrlv
# $ cd fdntdf

# /qmfvph/ttltfz/ttltfz/hzqlb/jshj/wzvjft/fdntdf
# $ ls

# 79808 cmlt.cvd

#           79808 /qmfvph/ttltfz/ttltfz/hzqlb/jshj/wzvjft/fdntdf/cmlt.cvd
# $ cd ..

# /qmfvph/ttltfz/ttltfz/hzqlb/jshj/wzvjft
# $ cd ..

# /qmfvph/ttltfz/ttltfz/hzqlb/jshj
# $ cd ..

# /qmfvph/ttltfz/ttltfz/hzqlb
# $ cd jtjv

# /qmfvph/ttltfz/ttltfz/hzqlb/jtjv
# $ ls

# 262350 zww.fbl

#          262350 /qmfvph/ttltfz/ttltfz/hzqlb/jtjv/zww.fbl
# $ cd ..

# /qmfvph/ttltfz/ttltfz/hzqlb
# $ cd mgfwthq

# /qmfvph/ttltfz/ttltfz/hzqlb/mgfwthq
# $ ls

# 32365 gjq.rpz

#           32365 /qmfvph/ttltfz/ttltfz/hzqlb/mgfwthq/gjq.rpz
# $ cd ..

# /qmfvph/ttltfz/ttltfz/hzqlb
# $ cd zhq

# /qmfvph/ttltfz/ttltfz/hzqlb/zhq
# $ ls

# dir clvljpb

# dir dfdbzzz

# dir lqhfbp

# 152633 nfngbl.mcn

#          152633 /qmfvph/ttltfz/ttltfz/hzqlb/zhq/nfngbl.mcn
# $ cd clvljpb

# /qmfvph/ttltfz/ttltfz/hzqlb/zhq/clvljpb
# $ ls

# 72966 scs

#           72966 /qmfvph/ttltfz/ttltfz/hzqlb/zhq/clvljpb/scs
# $ cd ..

# /qmfvph/ttltfz/ttltfz/hzqlb/zhq
# $ cd dfdbzzz

# /qmfvph/ttltfz/ttltfz/hzqlb/zhq/dfdbzzz
# $ ls

# 206453 cgrdn.dcw

#          206453 /qmfvph/ttltfz/ttltfz/hzqlb/zhq/dfdbzzz/cgrdn.dcw
# $ cd ..

# /qmfvph/ttltfz/ttltfz/hzqlb/zhq
# $ cd lqhfbp

# /qmfvph/ttltfz/ttltfz/hzqlb/zhq/lqhfbp
# $ ls

# 141515 nlvswpcm.fvm

#          141515 /qmfvph/ttltfz/ttltfz/hzqlb/zhq/lqhfbp/nlvswpcm.fvm
# 68018 zgwwvb.pcs

#           68018 /qmfvph/ttltfz/ttltfz/hzqlb/zhq/lqhfbp/zgwwvb.pcs
# 215903 zlmdlbdp

#          215903 /qmfvph/ttltfz/ttltfz/hzqlb/zhq/lqhfbp/zlmdlbdp
# $ cd ..

# /qmfvph/ttltfz/ttltfz/hzqlb/zhq
# $ cd ..

# /qmfvph/ttltfz/ttltfz/hzqlb
# $ cd ..

# /qmfvph/ttltfz/ttltfz
# $ cd msczpj

# /qmfvph/ttltfz/ttltfz/msczpj
# $ ls

# dir clvljpb

# dir smhsm

# dir zhq

# $ cd clvljpb

# /qmfvph/ttltfz/ttltfz/msczpj/clvljpb
# $ ls

# 148686 fmd

#          148686 /qmfvph/ttltfz/ttltfz/msczpj/clvljpb/fmd
# 244875 mhnlcz

#          244875 /qmfvph/ttltfz/ttltfz/msczpj/clvljpb/mhnlcz
# 271194 qchfgv

#          271194 /qmfvph/ttltfz/ttltfz/msczpj/clvljpb/qchfgv
# $ cd ..

# /qmfvph/ttltfz/ttltfz/msczpj
# $ cd smhsm

# /qmfvph/ttltfz/ttltfz/msczpj/smhsm
# $ ls

# 219572 ptzhr

#          219572 /qmfvph/ttltfz/ttltfz/msczpj/smhsm/ptzhr
# $ cd ..

# /qmfvph/ttltfz/ttltfz/msczpj
# $ cd zhq

# /qmfvph/ttltfz/ttltfz/msczpj/zhq
# $ ls

# 46118 qzmbgv.npf

#           46118 /qmfvph/ttltfz/ttltfz/msczpj/zhq/qzmbgv.npf
# $ cd ..

# /qmfvph/ttltfz/ttltfz/msczpj
# $ cd ..

# /qmfvph/ttltfz/ttltfz
# $ cd mvbhn

# /qmfvph/ttltfz/ttltfz/mvbhn
# $ ls

# dir dnbmm

# 17522 dnbmm.hqp

#           17522 /qmfvph/ttltfz/ttltfz/mvbhn/dnbmm.hqp
# dir hws

# dir hwtsjfbb

# dir hzqlb

# dir mghrhcsj

# dir mprvjd

# 180207 qchfgv

#          180207 /qmfvph/ttltfz/ttltfz/mvbhn/qchfgv
# dir qzrshw

# 130436 rdgndm.clf

#          130436 /qmfvph/ttltfz/ttltfz/mvbhn/rdgndm.clf
# 128601 tbdz.bgs

#          128601 /qmfvph/ttltfz/ttltfz/mvbhn/tbdz.bgs
# dir vpp

# $ cd dnbmm

# /qmfvph/ttltfz/ttltfz/mvbhn/dnbmm
# $ ls

# dir jqv

# dir lcclc

# 25762 rfwdnjzz.stw

#           25762 /qmfvph/ttltfz/ttltfz/mvbhn/dnbmm/rfwdnjzz.stw
# 172833 rpf.vqn

#          172833 /qmfvph/ttltfz/ttltfz/mvbhn/dnbmm/rpf.vqn
# 18217 zgwwvb.pcs

#           18217 /qmfvph/ttltfz/ttltfz/mvbhn/dnbmm/zgwwvb.pcs
# $ cd jqv

# /qmfvph/ttltfz/ttltfz/mvbhn/dnbmm/jqv
# $ ls

# dir cpbr

# $ cd cpbr

# /qmfvph/ttltfz/ttltfz/mvbhn/dnbmm/jqv/cpbr
# $ ls

# 59543 mclpq.bpr

#           59543 /qmfvph/ttltfz/ttltfz/mvbhn/dnbmm/jqv/cpbr/mclpq.bpr
# $ cd ..

# /qmfvph/ttltfz/ttltfz/mvbhn/dnbmm/jqv
# $ cd ..

# /qmfvph/ttltfz/ttltfz/mvbhn/dnbmm
# $ cd lcclc

# /qmfvph/ttltfz/ttltfz/mvbhn/dnbmm/lcclc
# $ ls

# 139444 jpwdgvb.wgz

#          139444 /qmfvph/ttltfz/ttltfz/mvbhn/dnbmm/lcclc/jpwdgvb.wgz
# $ cd ..

# /qmfvph/ttltfz/ttltfz/mvbhn/dnbmm
# $ cd ..

# /qmfvph/ttltfz/ttltfz/mvbhn
# $ cd hws

# /qmfvph/ttltfz/ttltfz/mvbhn/hws
# $ ls

# 42332 clvljpb

#           42332 /qmfvph/ttltfz/ttltfz/mvbhn/hws/clvljpb
# 240502 clvljpb.bbn

#          240502 /qmfvph/ttltfz/ttltfz/mvbhn/hws/clvljpb.bbn
# dir jdz

# 37624 pcg.wnr

#           37624 /qmfvph/ttltfz/ttltfz/mvbhn/hws/pcg.wnr
# dir pjd

# 169282 plw.frm

#          169282 /qmfvph/ttltfz/ttltfz/mvbhn/hws/plw.frm
# 100105 tmpll.gwm

#          100105 /qmfvph/ttltfz/ttltfz/mvbhn/hws/tmpll.gwm
# $ cd jdz

# /qmfvph/ttltfz/ttltfz/mvbhn/hws/jdz
# $ ls

# dir dnbmm

# $ cd dnbmm

# /qmfvph/ttltfz/ttltfz/mvbhn/hws/jdz/dnbmm
# $ ls

# 191941 cvhvq.rzr

#          191941 /qmfvph/ttltfz/ttltfz/mvbhn/hws/jdz/dnbmm/cvhvq.rzr
# $ cd ..

# /qmfvph/ttltfz/ttltfz/mvbhn/hws/jdz
# $ cd ..

# /qmfvph/ttltfz/ttltfz/mvbhn/hws
# $ cd pjd

# /qmfvph/ttltfz/ttltfz/mvbhn/hws/pjd
# $ ls

# dir bnwjc

# dir pgvzhl

# 33261 rvpw.jlj

#           33261 /qmfvph/ttltfz/ttltfz/mvbhn/hws/pjd/rvpw.jlj
# dir zhq

# $ cd bnwjc

# /qmfvph/ttltfz/ttltfz/mvbhn/hws/pjd/bnwjc
# $ ls

# 159772 lqcbv.mvh

#          159772 /qmfvph/ttltfz/ttltfz/mvbhn/hws/pjd/bnwjc/lqcbv.mvh
# $ cd ..

# /qmfvph/ttltfz/ttltfz/mvbhn/hws/pjd
# $ cd pgvzhl

# /qmfvph/ttltfz/ttltfz/mvbhn/hws/pjd/pgvzhl
# $ ls

# 159506 nfngbl.mcn

#          159506 /qmfvph/ttltfz/ttltfz/mvbhn/hws/pjd/pgvzhl/nfngbl.mcn
# 114670 qchfgv

#          114670 /qmfvph/ttltfz/ttltfz/mvbhn/hws/pjd/pgvzhl/qchfgv
# $ cd ..

# /qmfvph/ttltfz/ttltfz/mvbhn/hws/pjd
# $ cd zhq

# /qmfvph/ttltfz/ttltfz/mvbhn/hws/pjd/zhq
# $ ls

# 162563 mtcd

#          162563 /qmfvph/ttltfz/ttltfz/mvbhn/hws/pjd/zhq/mtcd
# $ cd ..

# /qmfvph/ttltfz/ttltfz/mvbhn/hws/pjd
# $ cd ..

# /qmfvph/ttltfz/ttltfz/mvbhn/hws
# $ cd ..

# /qmfvph/ttltfz/ttltfz/mvbhn
# $ cd hwtsjfbb

# /qmfvph/ttltfz/ttltfz/mvbhn/hwtsjfbb
# $ ls

# dir clvljpb

# dir fqclffr

# dir hzqlb

# 243079 rqbh.ltt

#          243079 /qmfvph/ttltfz/ttltfz/mvbhn/hwtsjfbb/rqbh.ltt
# dir wtz

# $ cd clvljpb

# /qmfvph/ttltfz/ttltfz/mvbhn/hwtsjfbb/clvljpb
# $ ls

# 42146 bbb

#           42146 /qmfvph/ttltfz/ttltfz/mvbhn/hwtsjfbb/clvljpb/bbb
# $ cd ..

# /qmfvph/ttltfz/ttltfz/mvbhn/hwtsjfbb
# $ cd fqclffr

# /qmfvph/ttltfz/ttltfz/mvbhn/hwtsjfbb/fqclffr
# $ ls

# 160031 zgwwvb.pcs

#          160031 /qmfvph/ttltfz/ttltfz/mvbhn/hwtsjfbb/fqclffr/zgwwvb.pcs
# $ cd ..

# /qmfvph/ttltfz/ttltfz/mvbhn/hwtsjfbb
# $ cd hzqlb

# /qmfvph/ttltfz/ttltfz/mvbhn/hwtsjfbb/hzqlb
# $ ls

# 70936 pcg.wnr

#           70936 /qmfvph/ttltfz/ttltfz/mvbhn/hwtsjfbb/hzqlb/pcg.wnr
# 230600 pfnfjqc.bsp

#          230600 /qmfvph/ttltfz/ttltfz/mvbhn/hwtsjfbb/hzqlb/pfnfjqc.bsp
# 154358 plw.frm

#          154358 /qmfvph/ttltfz/ttltfz/mvbhn/hwtsjfbb/hzqlb/plw.frm
# 106007 qtztf

#          106007 /qmfvph/ttltfz/ttltfz/mvbhn/hwtsjfbb/hzqlb/qtztf
# $ cd ..

# /qmfvph/ttltfz/ttltfz/mvbhn/hwtsjfbb
# $ cd wtz

# /qmfvph/ttltfz/ttltfz/mvbhn/hwtsjfbb/wtz
# $ ls

# 265666 nfngbl.mcn

#          265666 /qmfvph/ttltfz/ttltfz/mvbhn/hwtsjfbb/wtz/nfngbl.mcn
# dir wjsrb

# dir zhh

# $ cd wjsrb

# /qmfvph/ttltfz/ttltfz/mvbhn/hwtsjfbb/wtz/wjsrb
# $ ls

# 76239 wqzg

#           76239 /qmfvph/ttltfz/ttltfz/mvbhn/hwtsjfbb/wtz/wjsrb/wqzg
# $ cd ..

# /qmfvph/ttltfz/ttltfz/mvbhn/hwtsjfbb/wtz
# $ cd zhh

# /qmfvph/ttltfz/ttltfz/mvbhn/hwtsjfbb/wtz/zhh
# $ ls

# 11571 wptzslq.gwr

#           11571 /qmfvph/ttltfz/ttltfz/mvbhn/hwtsjfbb/wtz/zhh/wptzslq.gwr
# $ cd ..

# /qmfvph/ttltfz/ttltfz/mvbhn/hwtsjfbb/wtz
# $ cd ..

# /qmfvph/ttltfz/ttltfz/mvbhn/hwtsjfbb
# $ cd ..

# /qmfvph/ttltfz/ttltfz/mvbhn
# $ cd hzqlb

# /qmfvph/ttltfz/ttltfz/mvbhn/hzqlb
# $ ls

# 199430 gwgrtw.dzv

#          199430 /qmfvph/ttltfz/ttltfz/mvbhn/hzqlb/gwgrtw.dzv
# $ cd ..

# /qmfvph/ttltfz/ttltfz/mvbhn
# $ cd mghrhcsj

# /qmfvph/ttltfz/ttltfz/mvbhn/mghrhcsj
# $ ls

# 49307 bvtmfj.dbh

#           49307 /qmfvph/ttltfz/ttltfz/mvbhn/mghrhcsj/bvtmfj.dbh
# $ cd ..

# /qmfvph/ttltfz/ttltfz/mvbhn
# $ cd mprvjd

# /qmfvph/ttltfz/ttltfz/mvbhn/mprvjd
# $ ls

# dir zhq

# $ cd zhq

# /qmfvph/ttltfz/ttltfz/mvbhn/mprvjd/zhq
# $ ls

# 225705 nfngbl.mcn

#          225705 /qmfvph/ttltfz/ttltfz/mvbhn/mprvjd/zhq/nfngbl.mcn
# 204180 pcg.wnr

#          204180 /qmfvph/ttltfz/ttltfz/mvbhn/mprvjd/zhq/pcg.wnr
# $ cd ..

# /qmfvph/ttltfz/ttltfz/mvbhn/mprvjd
# $ cd ..

# /qmfvph/ttltfz/ttltfz/mvbhn
# $ cd qzrshw

# /qmfvph/ttltfz/ttltfz/mvbhn/qzrshw
# $ ls

# dir ddgs

# dir hzqlb

# dir lmtfhtd

# 157122 qchfgv

#          157122 /qmfvph/ttltfz/ttltfz/mvbhn/qzrshw/qchfgv
# dir sjq

# dir tdjh

# $ cd ddgs

# /qmfvph/ttltfz/ttltfz/mvbhn/qzrshw/ddgs
# $ ls

# 174192 dvb

#          174192 /qmfvph/ttltfz/ttltfz/mvbhn/qzrshw/ddgs/dvb
# 100076 rgdbsfbm.wrd

#          100076 /qmfvph/ttltfz/ttltfz/mvbhn/qzrshw/ddgs/rgdbsfbm.wrd
# 18400 zgwwvb.pcs

#           18400 /qmfvph/ttltfz/ttltfz/mvbhn/qzrshw/ddgs/zgwwvb.pcs
# $ cd ..

# /qmfvph/ttltfz/ttltfz/mvbhn/qzrshw
# $ cd hzqlb

# /qmfvph/ttltfz/ttltfz/mvbhn/qzrshw/hzqlb
# $ ls

# 165950 plw.frm

#          165950 /qmfvph/ttltfz/ttltfz/mvbhn/qzrshw/hzqlb/plw.frm
# $ cd ..

# /qmfvph/ttltfz/ttltfz/mvbhn/qzrshw
# $ cd lmtfhtd

# /qmfvph/ttltfz/ttltfz/mvbhn/qzrshw/lmtfhtd
# $ ls

# dir clvljpb

# 137957 dnbmm.vjs

#          137957 /qmfvph/ttltfz/ttltfz/mvbhn/qzrshw/lmtfhtd/dnbmm.vjs
# 159982 lgll.lnp

#          159982 /qmfvph/ttltfz/ttltfz/mvbhn/qzrshw/lmtfhtd/lgll.lnp
# 25796 plw.frm

#           25796 /qmfvph/ttltfz/ttltfz/mvbhn/qzrshw/lmtfhtd/plw.frm
# 201565 znj.ljv

#          201565 /qmfvph/ttltfz/ttltfz/mvbhn/qzrshw/lmtfhtd/znj.ljv
# $ cd clvljpb

# /qmfvph/ttltfz/ttltfz/mvbhn/qzrshw/lmtfhtd/clvljpb
# $ ls

# 248187 fdvbtnvh.gsc

#          248187 /qmfvph/ttltfz/ttltfz/mvbhn/qzrshw/lmtfhtd/clvljpb/fdvbtnvh.gsc
# $ cd ..

# /qmfvph/ttltfz/ttltfz/mvbhn/qzrshw/lmtfhtd
# $ cd ..

# /qmfvph/ttltfz/ttltfz/mvbhn/qzrshw
# $ cd sjq

# /qmfvph/ttltfz/ttltfz/mvbhn/qzrshw/sjq
# $ ls

# dir dnbmm

# 167394 dzmj

#          167394 /qmfvph/ttltfz/ttltfz/mvbhn/qzrshw/sjq/dzmj
# 143508 plw.frm

#          143508 /qmfvph/ttltfz/ttltfz/mvbhn/qzrshw/sjq/plw.frm
# dir sllcrmp

# dir ttltfz

# 140530 vdsvw.jhv

#          140530 /qmfvph/ttltfz/ttltfz/mvbhn/qzrshw/sjq/vdsvw.jhv
# $ cd dnbmm

# /qmfvph/ttltfz/ttltfz/mvbhn/qzrshw/sjq/dnbmm
# $ ls

# 224433 qchfgv

#          224433 /qmfvph/ttltfz/ttltfz/mvbhn/qzrshw/sjq/dnbmm/qchfgv
# $ cd ..

# /qmfvph/ttltfz/ttltfz/mvbhn/qzrshw/sjq
# $ cd sllcrmp

# /qmfvph/ttltfz/ttltfz/mvbhn/qzrshw/sjq/sllcrmp
# $ ls

# 47580 hfvh.ncs

#           47580 /qmfvph/ttltfz/ttltfz/mvbhn/qzrshw/sjq/sllcrmp/hfvh.ncs
# dir hgtm

# 237683 nzjzd.zcw

#          237683 /qmfvph/ttltfz/ttltfz/mvbhn/qzrshw/sjq/sllcrmp/nzjzd.zcw
# $ cd hgtm

# /qmfvph/ttltfz/ttltfz/mvbhn/qzrshw/sjq/sllcrmp/hgtm
# $ ls

# 194211 nsddmsvq

#          194211 /qmfvph/ttltfz/ttltfz/mvbhn/qzrshw/sjq/sllcrmp/hgtm/nsddmsvq
# 8615 zgwwvb.pcs

#            8615 /qmfvph/ttltfz/ttltfz/mvbhn/qzrshw/sjq/sllcrmp/hgtm/zgwwvb.pcs
# $ cd ..

# /qmfvph/ttltfz/ttltfz/mvbhn/qzrshw/sjq/sllcrmp
# $ cd ..

# /qmfvph/ttltfz/ttltfz/mvbhn/qzrshw/sjq
# $ cd ttltfz

# /qmfvph/ttltfz/ttltfz/mvbhn/qzrshw/sjq/ttltfz
# $ ls

# 249866 gbqptvn.pvm

#          249866 /qmfvph/ttltfz/ttltfz/mvbhn/qzrshw/sjq/ttltfz/gbqptvn.pvm
# 205314 jjb.qbl

#          205314 /qmfvph/ttltfz/ttltfz/mvbhn/qzrshw/sjq/ttltfz/jjb.qbl
# $ cd ..

# /qmfvph/ttltfz/ttltfz/mvbhn/qzrshw/sjq
# $ cd ..

# /qmfvph/ttltfz/ttltfz/mvbhn/qzrshw
# $ cd tdjh

# /qmfvph/ttltfz/ttltfz/mvbhn/qzrshw/tdjh
# $ ls

# 266400 clvljpb.tmv

#          266400 /qmfvph/ttltfz/ttltfz/mvbhn/qzrshw/tdjh/clvljpb.tmv
# 130599 qdnmmh.trp

#          130599 /qmfvph/ttltfz/ttltfz/mvbhn/qzrshw/tdjh/qdnmmh.trp
# $ cd ..

# /qmfvph/ttltfz/ttltfz/mvbhn/qzrshw
# $ cd ..

# /qmfvph/ttltfz/ttltfz/mvbhn
# $ cd vpp

# /qmfvph/ttltfz/ttltfz/mvbhn/vpp
# $ ls

# 214035 nfngbl.mcn

#          214035 /qmfvph/ttltfz/ttltfz/mvbhn/vpp/nfngbl.mcn
# $ cd ..

# /qmfvph/ttltfz/ttltfz/mvbhn
# $ cd ..

# /qmfvph/ttltfz/ttltfz
# $ cd ttjbnj

# /qmfvph/ttltfz/ttltfz/ttjbnj
# $ ls

# dir crlhpd

# 47864 dnbmm

#           47864 /qmfvph/ttltfz/ttltfz/ttjbnj/dnbmm
# dir ttltfz

# $ cd crlhpd

# /qmfvph/ttltfz/ttltfz/ttjbnj/crlhpd
# $ ls

# dir vmgdpf

# $ cd vmgdpf

# /qmfvph/ttltfz/ttltfz/ttjbnj/crlhpd/vmgdpf
# $ ls

# 169762 plw.frm

#          169762 /qmfvph/ttltfz/ttltfz/ttjbnj/crlhpd/vmgdpf/plw.frm
# $ cd ..

# /qmfvph/ttltfz/ttltfz/ttjbnj/crlhpd
# $ cd ..

# /qmfvph/ttltfz/ttltfz/ttjbnj
# $ cd ttltfz

# /qmfvph/ttltfz/ttltfz/ttjbnj/ttltfz
# $ ls

# dir gdf

# dir hdh

# dir jbfwr

# $ cd gdf

# /qmfvph/ttltfz/ttltfz/ttjbnj/ttltfz/gdf
# $ ls

# 68861 plw.frm

#           68861 /qmfvph/ttltfz/ttltfz/ttjbnj/ttltfz/gdf/plw.frm
# $ cd ..

# /qmfvph/ttltfz/ttltfz/ttjbnj/ttltfz
# $ cd hdh

# /qmfvph/ttltfz/ttltfz/ttjbnj/ttltfz/hdh
# $ ls

# 166403 dnbmm

#          166403 /qmfvph/ttltfz/ttltfz/ttjbnj/ttltfz/hdh/dnbmm
# $ cd ..

# /qmfvph/ttltfz/ttltfz/ttjbnj/ttltfz
# $ cd jbfwr

# /qmfvph/ttltfz/ttltfz/ttjbnj/ttltfz/jbfwr
# $ ls

# 100770 pcg.wnr

#          100770 /qmfvph/ttltfz/ttltfz/ttjbnj/ttltfz/jbfwr/pcg.wnr
# 178623 wnswp

#          178623 /qmfvph/ttltfz/ttltfz/ttjbnj/ttltfz/jbfwr/wnswp
# 41069 zmrrmdv.bzr

#           41069 /qmfvph/ttltfz/ttltfz/ttjbnj/ttltfz/jbfwr/zmrrmdv.bzr
# $ cd ..

# /qmfvph/ttltfz/ttltfz/ttjbnj/ttltfz
# $ cd ..

# /qmfvph/ttltfz/ttltfz/ttjbnj
# $ cd ..

# /qmfvph/ttltfz/ttltfz
# $ cd ttltfz

# /qmfvph/ttltfz/ttltfz/ttltfz
# $ ls

# 234321 dnbmm

#          234321 /qmfvph/ttltfz/ttltfz/ttltfz/dnbmm
# 131214 dtpprnwf.hfr

#          131214 /qmfvph/ttltfz/ttltfz/ttltfz/dtpprnwf.hfr
# $ cd ..

# /qmfvph/ttltfz/ttltfz
# $ cd vjj

# /qmfvph/ttltfz/ttltfz/vjj
# $ ls

# 112879 pgzrb

#          112879 /qmfvph/ttltfz/ttltfz/vjj/pgzrb
# $ cd ..

# /qmfvph/ttltfz/ttltfz
# $ cd zhq

# /qmfvph/ttltfz/ttltfz/zhq
# $ ls

# 147979 clvljpb

#          147979 /qmfvph/ttltfz/ttltfz/zhq/clvljpb
# dir dvm

# 136916 pcg.wnr

#          136916 /qmfvph/ttltfz/ttltfz/zhq/pcg.wnr
# 205323 rwnrfrph

#          205323 /qmfvph/ttltfz/ttltfz/zhq/rwnrfrph
# $ cd dvm

# /qmfvph/ttltfz/ttltfz/zhq/dvm
# $ ls

# dir cpsqlvbl

# dir ffw

# dir hzqlb

# 95516 pcg.wnr

#           95516 /qmfvph/ttltfz/ttltfz/zhq/dvm/pcg.wnr
# 60101 tcswqq.zjf

#           60101 /qmfvph/ttltfz/ttltfz/zhq/dvm/tcswqq.zjf
# $ cd cpsqlvbl

# /qmfvph/ttltfz/ttltfz/zhq/dvm/cpsqlvbl
# $ ls

# dir hzqlb

# $ cd hzqlb

# /qmfvph/ttltfz/ttltfz/zhq/dvm/cpsqlvbl/hzqlb
# $ ls

# 169253 nscj

#          169253 /qmfvph/ttltfz/ttltfz/zhq/dvm/cpsqlvbl/hzqlb/nscj
# $ cd ..

# /qmfvph/ttltfz/ttltfz/zhq/dvm/cpsqlvbl
# $ cd ..

# /qmfvph/ttltfz/ttltfz/zhq/dvm
# $ cd ffw

# /qmfvph/ttltfz/ttltfz/zhq/dvm/ffw
# $ ls

# 161525 bpg.rsw

#          161525 /qmfvph/ttltfz/ttltfz/zhq/dvm/ffw/bpg.rsw
# 50629 dnbmm.qff

#           50629 /qmfvph/ttltfz/ttltfz/zhq/dvm/ffw/dnbmm.qff
# 126458 pcg.wnr

#          126458 /qmfvph/ttltfz/ttltfz/zhq/dvm/ffw/pcg.wnr
# 18268 trvcmp

#           18268 /qmfvph/ttltfz/ttltfz/zhq/dvm/ffw/trvcmp
# dir vwnlb

# 171750 zgwwvb.pcs

#          171750 /qmfvph/ttltfz/ttltfz/zhq/dvm/ffw/zgwwvb.pcs
# dir zhq

# $ cd vwnlb

# /qmfvph/ttltfz/ttltfz/zhq/dvm/ffw/vwnlb
# $ ls

# 218994 ccjz.qrm

#          218994 /qmfvph/ttltfz/ttltfz/zhq/dvm/ffw/vwnlb/ccjz.qrm
# 268399 srwv

#          268399 /qmfvph/ttltfz/ttltfz/zhq/dvm/ffw/vwnlb/srwv
# $ cd ..

# /qmfvph/ttltfz/ttltfz/zhq/dvm/ffw
# $ cd zhq

# /qmfvph/ttltfz/ttltfz/zhq/dvm/ffw/zhq
# $ ls

# 150894 ztcw.dlc

#          150894 /qmfvph/ttltfz/ttltfz/zhq/dvm/ffw/zhq/ztcw.dlc
# $ cd ..

# /qmfvph/ttltfz/ttltfz/zhq/dvm/ffw
# $ cd ..

# /qmfvph/ttltfz/ttltfz/zhq/dvm
# $ cd hzqlb

# /qmfvph/ttltfz/ttltfz/zhq/dvm/hzqlb
# $ ls

# 45224 fnb.vgg

#           45224 /qmfvph/ttltfz/ttltfz/zhq/dvm/hzqlb/fnb.vgg
# 53728 nfngbl.mcn

#           53728 /qmfvph/ttltfz/ttltfz/zhq/dvm/hzqlb/nfngbl.mcn
# 230460 zhq.bsw

#          230460 /qmfvph/ttltfz/ttltfz/zhq/dvm/hzqlb/zhq.bsw
# $ cd ..

# /qmfvph/ttltfz/ttltfz/zhq/dvm
# $ cd ..

# /qmfvph/ttltfz/ttltfz/zhq
# $ cd ..

# /qmfvph/ttltfz/ttltfz
# $ cd zqgcbnrt

# /qmfvph/ttltfz/ttltfz/zqgcbnrt
# $ ls

# 91447 bdjbn

#           91447 /qmfvph/ttltfz/ttltfz/zqgcbnrt/bdjbn
# $ cd ..

# /qmfvph/ttltfz/ttltfz
# $ cd ..

# /qmfvph/ttltfz
# $ cd wbvcf

# /qmfvph/ttltfz/wbvcf
# $ ls

# dir dzh

# $ cd dzh

# /qmfvph/ttltfz/wbvcf/dzh
# $ ls

# 250311 qrvn.bft

#          250311 /qmfvph/ttltfz/wbvcf/dzh/qrvn.bft
# $ cd ..

# /qmfvph/ttltfz/wbvcf
# $ cd ..

# /qmfvph/ttltfz
# $ cd wsqvpp

# /qmfvph/ttltfz/wsqvpp
# $ ls

# 96530 jwhtlzcm.gmq

#           96530 /qmfvph/ttltfz/wsqvpp/jwhtlzcm.gmq
# $ cd ..

# /qmfvph/ttltfz
# $ cd ..

# /qmfvph
# $ cd zcvfqn

# /qmfvph/zcvfqn
# $ ls

# 264037 hzqlb.jfp

#          264037 /qmfvph/zcvfqn/hzqlb.jfp
# dir nlnl

# 96691 qchfgv

#           96691 /qmfvph/zcvfqn/qchfgv
# 126674 zhq.ndc

#          126674 /qmfvph/zcvfqn/zhq.ndc
# $ cd nlnl

# /qmfvph/zcvfqn/nlnl
# $ ls

# 248407 nfngbl.mcn

#          248407 /qmfvph/zcvfqn/nlnl/nfngbl.mcn
# 188078 pzwmrfht.dfs

#          188078 /qmfvph/zcvfqn/nlnl/pzwmrfht.dfs
# 268160 qchfgv

#          268160 /qmfvph/zcvfqn/nlnl/qchfgv
# $ cd ..

# /qmfvph/zcvfqn
# $ cd ..

# /qmfvph
# $ cd zhq

# /qmfvph/zhq
# $ ls

# 91941 bgc.grv

#           91941 /qmfvph/zhq/bgc.grv
# $ cd ..

# /qmfvph
# $ cd zpb

# /qmfvph/zpb
# $ ls

# dir dnbmm

# dir fsw

# $ cd dnbmm

# /qmfvph/zpb/dnbmm
# $ ls

# 260358 lcpg

#          260358 /qmfvph/zpb/dnbmm/lcpg
# dir lfm

# $ cd lfm

# /qmfvph/zpb/dnbmm/lfm
# $ ls

# 227028 qchfgv

#          227028 /qmfvph/zpb/dnbmm/lfm/qchfgv
# $ cd ..

# /qmfvph/zpb/dnbmm
# $ cd ..

# /qmfvph/zpb
# $ cd fsw

# /qmfvph/zpb/fsw
# $ ls

# dir fffpsrvp

# 153630 pcg.wnr

#          153630 /qmfvph/zpb/fsw/pcg.wnr
# dir qtwvgmtl

# 2971 qzl.pcn

#            2971 /qmfvph/zpb/fsw/qzl.pcn
# 17259 zrpl.hcc

#           17259 /qmfvph/zpb/fsw/zrpl.hcc
# $ cd fffpsrvp

# /qmfvph/zpb/fsw/fffpsrvp
# $ ls

# dir gflwnfc

# 176446 lwz.pgq

#          176446 /qmfvph/zpb/fsw/fffpsrvp/lwz.pgq
# $ cd gflwnfc

# /qmfvph/zpb/fsw/fffpsrvp/gflwnfc
# $ ls

# 132820 cjznqwf.hhq

#          132820 /qmfvph/zpb/fsw/fffpsrvp/gflwnfc/cjznqwf.hhq
# 224464 nfngbl.mcn

#          224464 /qmfvph/zpb/fsw/fffpsrvp/gflwnfc/nfngbl.mcn
# 104803 qchfgv

#          104803 /qmfvph/zpb/fsw/fffpsrvp/gflwnfc/qchfgv
# $ cd ..

# /qmfvph/zpb/fsw/fffpsrvp
# $ cd ..

# /qmfvph/zpb/fsw
# $ cd qtwvgmtl

# /qmfvph/zpb/fsw/qtwvgmtl
# $ ls

# dir rcssfd

# $ cd rcssfd

# /qmfvph/zpb/fsw/qtwvgmtl/rcssfd
# $ ls

# 56266 htr.chf

#           56266 /qmfvph/zpb/fsw/qtwvgmtl/rcssfd/htr.chf
# 128262 qcfsth.mlt

#          128262 /qmfvph/zpb/fsw/qtwvgmtl/rcssfd/qcfsth.mlt
# 120527 sqrb

#          120527 /qmfvph/zpb/fsw/qtwvgmtl/rcssfd/sqrb

@          104564 /dcvzbqf/gfvl/dnbmm.bgc
@           23804 /gsdpmrq.bsz
@           24936 /nfngbl.mcn
@          178747 /plw.frm
@          118575 /qdtw/fsj/ltbr.mdf
@          219031 /qdtw/jwfbvmds/bbvg/zbzgvsb
@           94339 /qdtw/jwfbvmds/bbvg/zhfmsb.lvv
@          133483 /qdtw/jwfbvmds/bds/hzqlb
@          103511 /qdtw/jwfbvmds/clvljpb/bmm.dwc
@          121211 /qdtw/jwfbvmds/clvljpb/clvljpb.fzn
@          158145 /qdtw/jwfbvmds/clvljpb/dnbmm.fmm
@           74998 /qdtw/jwfbvmds/clvljpb/pcg.wnr
@          133897 /qdtw/jwfbvmds/clvljpb/psvtz/gdj/qchfgv
@          200517 /qdtw/jwfbvmds/clvljpb/psvtz/gdj/vmcshh/zgwwvb.pcs
@           93805 /qdtw/jwfbvmds/clvljpb/psvtz/gdj/zgmvb.jfg
@          167697 /qdtw/jwfbvmds/clvljpb/psvtz/pcgjgc.wgl
@            2613 /qdtw/jwfbvmds/clvljpb/psvtz/qchfgv
@           91712 /qdtw/jwfbvmds/clvljpb/psvtz/qsdzj.jng
@           44460 /qdtw/jwfbvmds/gwbbbgj.hbs
@          223576 /qdtw/jwfbvmds/hzqlb/dnbmm/msrbz.wjs
@           20581 /qdtw/jwfbvmds/jpvnzhf/nfngbl.mcn
@           61025 /qdtw/jwfbvmds/trdm.qps
@          216592 /qdtw/pcg.wnr
@          189238 /qdtw/pwnhpm/clvljpb/clvljpb/hzqlb/cvgp
@          167082 /qdtw/pwnhpm/clvljpb/clvljpb/hzqlb/gjg/ttltfz.bvz
@          203202 /qdtw/pwnhpm/clvljpb/clvljpb/zhq/nfngbl.mcn
@          212148 /qdtw/pwnhpm/clvljpb/clvljpb/zhq/qhnnr.dhs
@          212906 /qdtw/pwnhpm/clvljpb/clvljpb.pls
@          214564 /qdtw/pwnhpm/clvljpb/dnm
@           91220 /qdtw/pwnhpm/clvljpb/fvgbsft/fzhwsjf/clvljpb.png
@          235721 /qdtw/pwnhpm/clvljpb/fvgbsft/fzhwsjf/pcg.wnr
@           61559 /qdtw/pwnhpm/clvljpb/fvgbsft/fzhwsjf/qchfgv
@           70762 /qdtw/pwnhpm/clvljpb/fvgbsft/fzhwsjf/vpr.nlc
@           18477 /qdtw/pwnhpm/clvljpb/fvgbsft/nps
@          260247 /qdtw/pwnhpm/clvljpb/fvgbsft/vlplrn/qrtnfmln.tpv
@           43069 /qdtw/pwnhpm/clvljpb/fvgbsft/vnbg/ttltfz.mzr
@          107068 /qdtw/pwnhpm/clvljpb/fvgbsft/vnbg/wfb/clvljpb.mtp
@           58219 /qdtw/pwnhpm/clvljpb/fvgbsft/vnbg/zgwwvb.pcs
@          272132 /qdtw/pwnhpm/clvljpb/fvgbsft/vnbg/zhq.mrw
@          185602 /qdtw/pwnhpm/clvljpb/fvgbsft/vpc/dnbmm.hfm
@          100399 /qdtw/pwnhpm/clvljpb/fvgbsft/vpc/hzqlb.vtn
@          259486 /qdtw/pwnhpm/clvljpb/fvgbsft/vpc/pcg.wnr
@          230034 /qdtw/pwnhpm/clvljpb/hzqlb.jvz
@           48101 /qdtw/pwnhpm/clvljpb/plw.frm
@          237902 /qdtw/pwnhpm/clvljpb/qchfgv
@           33727 /qdtw/pwnhpm/hzqlb.zpp
@           39037 /qdtw/pwnhpm/lfjjf.pjt
@          163662 /qdtw/pwnhpm/mbwfhq.cjj
@          236292 /qdtw/pwnhpm/nfngbl.mcn
@          189576 /qdtw/pwnhpm/zvbgnbvf
@          138169 /qdtw/qbrpq/cntvzqfm.hgp
@          216598 /qdtw/qbrpq/dnbmm.lhs
@          116696 /qdtw/qbrpq/nfngbl.mcn
@           35315 /qdtw/qbrpq/phf.rvn
@          270492 /qdtw/wdc/ghdzdq.ghg
@          137119 /qdtw/wdc/lnt.nsd
@          138125 /qdtw/wpw/dnbmm/lth.hcq
@           80844 /qdtw/wpw/dnbmm/nhh.gzc
@          149596 /qdtw/wpw/dnbmm/ttltfz.ntn
@          156266 /qdtw/wpw/jgfv.cpp
@          156947 /qdtw/wpw/lvlqcrrs.djl
@           99156 /qdtw/wpw/lvznwbpg/ldtst.dcr
@          217350 /qdtw/wpw/lvznwbpg/pcg.wnr
@          247238 /qdtw/wpw/lvznwbpg/plw.frm
@          272199 /qdtw/wpw/lvznwbpg/qbqpsccr/pcg.wnr
@          219600 /qdtw/wpw/lvznwbpg/qbqpsccr/wpjqjm.qwr
@          257473 /qdtw/wpw/lvznwbpg/qbqpsccr/zhq.zmq
@          204980 /qdtw/wpw/lvznwbpg/wnms/ttltfz/btm/hzqlb/ttltfz/hzqlb.hhm
@          154868 /qdtw/wpw/lvznwbpg/zhq/srdfz
@          165426 /qdtw/wpw/lvznwbpg/zmhnzdmb.jnc
@           12199 /qdtw/wpw/nfngbl.mcn
@           54105 /qdtw/wpw/nlsp
@           86737 /qdtw/wpw/zhq.wmz
@            6370 /qdtw/zbfgmw/fcjwpgz/jltvg/bssvrjdq.mnr
@            9958 /qdtw/zbfgmw/fcjwpgz/qchfgv
@          157805 /qdtw/zbfgmw/fcjwpgz/wwqrb/npdl
@          237057 /qdtw/zbfgmw/fcjwpgz/wwqrb/qchfgv
@           68331 /qdtw/zbfgmw/fcjwpgz/wwqrb/twrp/sfvntjwf/hdwfg.jrl
@          259572 /qdtw/zbfgmw/fcjwpgz/wwqrb/vptsgw
@          176388 /qdtw/zbfgmw/fcjwpgz/wwqrb/zgwwvb.pcs
@           91956 /qdtw/zbfgmw/fcjwpgz/wwqrb/zhq
@           41183 /qdtw/zbfgmw/ttltfz/plw.frm
@           32950 /qdtw/zbfgmw/zhq/dmzbmrdr.gtq
@          195502 /qdtw/zbfgmw/zhq/zhq/dmgmwbf
@           70390 /qmfvph/cwfh/dswtm/fmq.mrp
@          108185 /qmfvph/cwfh/dswtm/qjlfnlp
@          189923 /qmfvph/cwfh/dswtm/zhq.njc
@          122536 /qmfvph/cwfh/mwzjf/glmpd.mdl
@          108226 /qmfvph/cwfh/mwzjf/nfngbl.mcn
@          147595 /qmfvph/cwfh/mwzjf/qbvffr/pcg.wnr
@           33192 /qmfvph/cwfh/mwzjf/ttltfz
@          195824 /qmfvph/cwfh/mwzjf/zgwwvb.pcs
@          263964 /qmfvph/dnbmm/cbdl/dnrbtr.lbh
@           66120 /qmfvph/dnbmm/cbdl/qchfgv
@          122474 /qmfvph/dnbmm/cbdl/qwvd/dnbmm/pcg.wnr
@          143315 /qmfvph/dnbmm/cbdl/qwvd/mhlswpcd.lpt
@          199969 /qmfvph/dnbmm/cbdl/qwvd/ncdrrp.ljf
@          156413 /qmfvph/dnbmm/fhqjzf/fnnbrlc/dnbmm.ngb
@           30790 /qmfvph/dnbmm/fhqjzf/fnnbrlc/zbfnjnnz.csg
@          267451 /qmfvph/dnbmm/fhqjzf/hzqlb/cgzrdpr
@           77460 /qmfvph/dnbmm/fhqjzf/hzqlb/nfngbl.mcn
@          205978 /qmfvph/dnbmm/fhqjzf/hzqlb/plw.frm
@           66224 /qmfvph/dnbmm/fhqjzf/hzqlb/sjw.ctb
@          212873 /qmfvph/dnbmm/fhqjzf/hzqlb/zgwwvb.pcs
@          254128 /qmfvph/dnbmm/fhqjzf/pcg.wnr
@          168008 /qmfvph/dnbmm/fhqjzf/plw.frm
@          161177 /qmfvph/dnbmm/fhqjzf/vwgvd/phdbz.tmc
@          150415 /qmfvph/dnbmm/fhqjzf/zhq/hchlgv/dnbmm/pcg.wnr
@          270943 /qmfvph/dnbmm/fhqjzf/zhq/hchlgv/hcpnwbd
@           44475 /qmfvph/dnbmm/fhqjzf/zhq/hchlgv/hzqlb/qcvwtfg.wrl
@           13433 /qmfvph/dnbmm/fhqjzf/zhq/hchlgv/wdljw.cgn
@          218946 /qmfvph/dnbmm/fhqjzf/zhq/rfngrlz.zzr
@          155076 /qmfvph/dnbmm/fhqjzf/zhq/zhq/ggndpjzp.rpz
@           56752 /qmfvph/dnbmm/gsgrnf.mlt
@          112146 /qmfvph/dnbmm/ndp/nfw.htp
@          207815 /qmfvph/dnbmm/ndp/vqwtw.qff
@           67967 /qmfvph/dnbmm/nfngbl.mcn
@          258693 /qmfvph/dnbmm/swgwdv/dmqn/gdplrzt.wzf
@          141489 /qmfvph/dnbmm/swgwdv/dmqn/hzqlb
@          225488 /qmfvph/dnbmm/swgwdv/dmqn/pghz.brw
@          206026 /qmfvph/dnbmm/swgwdv/fzgdjp/msthjppp
@          205897 /qmfvph/dnbmm/swgwdv/hzqlb.vtm
@          226944 /qmfvph/dnbmm/swgwdv/nfngbl.mcn
@          259443 /qmfvph/dnbmm/swgwdv/nrfpz.vmn
@          136591 /qmfvph/dnbmm/swgwdv/zgwwvb.pcs
@          168342 /qmfvph/mmmdpth/clvljpb/qhgndmj
@          218324 /qmfvph/mmmdpth/hzqlb/lqvgqhw/swnjhbj.cqt
@          263747 /qmfvph/mmmdpth/pcg.wnr
@            4841 /qmfvph/pcg.wnr
@          235760 /qmfvph/prnpbn/dndnhn/dhvvnqpt
@          167698 /qmfvph/prnpbn/dndnhn/hvg/zqbj
@          218904 /qmfvph/prnpbn/dndnhn/jqvmzg/wppv.mqz
@            8030 /qmfvph/prnpbn/dndnhn/jqvmzg/zlp/wvj.gld
@           37541 /qmfvph/prnpbn/dndnhn/mhz/tdfvwqlj
@          176959 /qmfvph/prnpbn/gzhtvt
@           85765 /qmfvph/prnpbn/hzqlb.clg
@          120691 /qmfvph/prnpbn/nfngbl.mcn
@          245942 /qmfvph/prnpbn/qchfgv
@           43951 /qmfvph/prnpbn/zgwwvb.pcs
@          111478 /qmfvph/sgmg.hbs
@          116852 /qmfvph/ttltfz/dnbmm/mjzgll.bcp
@          235605 /qmfvph/ttltfz/ttltfz/hzqlb/jshj/cldpdjp.cbc
@           65802 /qmfvph/ttltfz/ttltfz/hzqlb/jshj/clvljpb/lnpjlj
@           25402 /qmfvph/ttltfz/ttltfz/hzqlb/jshj/clvljpb/qrtrvmwl.fms
@           27600 /qmfvph/ttltfz/ttltfz/hzqlb/jshj/dzcnm/cpnwcv/qbgclqc.tdd
@          168016 /qmfvph/ttltfz/ttltfz/hzqlb/jshj/dzcnm/hzqlb/zhq
@           15025 /qmfvph/ttltfz/ttltfz/hzqlb/jshj/dzcnm/mjclcntf/clvljpb/plw.frm
@           54909 /qmfvph/ttltfz/ttltfz/hzqlb/jshj/dzcnm/mjclcntf/qpjtr/zhq
@           43145 /qmfvph/ttltfz/ttltfz/hzqlb/jshj/dzcnm/mjclcntf/zgwwvb.pcs
@           49366 /qmfvph/ttltfz/ttltfz/hzqlb/jshj/dzcnm/qnljb/clvljpb.vtg
@           52193 /qmfvph/ttltfz/ttltfz/hzqlb/jshj/dzcnm/qnljb/fnd.tfr
@          237105 /qmfvph/ttltfz/ttltfz/hzqlb/jshj/dzcnm/rlpvq.fbf
@          105765 /qmfvph/ttltfz/ttltfz/hzqlb/jshj/dzcnm/zhq/dfnqhggg.cfj
@           52456 /qmfvph/ttltfz/ttltfz/hzqlb/jshj/dzcnm/zhq/hfzgs/ttltfz.fdq
@           31345 /qmfvph/ttltfz/ttltfz/hzqlb/jshj/dzcnm/zhq/hfzgs/wcmf.hsd
@          135556 /qmfvph/ttltfz/ttltfz/hzqlb/jshj/dzcnm/zhq/spff
@          129957 /qmfvph/ttltfz/ttltfz/hzqlb/jshj/dzcnm/zhq/vzgjrc.cbs
@           77175 /qmfvph/ttltfz/ttltfz/hzqlb/jshj/hmvw/flhlwq.rqc
@          129431 /qmfvph/ttltfz/ttltfz/hzqlb/jshj/hmvw/gmvqz/dnbmm.lwl
@          252279 /qmfvph/ttltfz/ttltfz/hzqlb/jshj/hmvw/gnmvm
@           48687 /qmfvph/ttltfz/ttltfz/hzqlb/jshj/hmvw/lmbqfhb/wjql/cgtbqqq.zzs
@          105333 /qmfvph/ttltfz/ttltfz/hzqlb/jshj/hzqlb/mqsgqph
@          116802 /qmfvph/ttltfz/ttltfz/hzqlb/jshj/hzqlb/zhq/hbtlhjn.dvs
@            8842 /qmfvph/ttltfz/ttltfz/hzqlb/jshj/hzqlb/zhq/pcg.wnr
@          211096 /qmfvph/ttltfz/ttltfz/hzqlb/jshj/hzqlb/zhq/plw.frm
@          245821 /qmfvph/ttltfz/ttltfz/hzqlb/jshj/ltpqhg/hchndjgj.vht
@          229181 /qmfvph/ttltfz/ttltfz/hzqlb/jshj/ltpqhg/rcfmhrqm.ftc
@          214977 /qmfvph/ttltfz/ttltfz/hzqlb/jshj/ltpqhg/vgdsjg.jpd
@          124547 /qmfvph/ttltfz/ttltfz/hzqlb/jshj/ltpqhg/zgwwvb.pcs
@           12951 /qmfvph/ttltfz/ttltfz/hzqlb/jshj/qchfgv
@           79808 /qmfvph/ttltfz/ttltfz/hzqlb/jshj/wzvjft/fdntdf/cmlt.cvd
@          174465 /qmfvph/ttltfz/ttltfz/hzqlb/jshj/wzvjft/pcg.wnr
@           80888 /qmfvph/ttltfz/ttltfz/hzqlb/jshj/wzvjft/qchfgv
@           82987 /qmfvph/ttltfz/ttltfz/hzqlb/jshj/wzvjft/rqbzbrlv
@          262350 /qmfvph/ttltfz/ttltfz/hzqlb/jtjv/zww.fbl
@           32365 /qmfvph/ttltfz/ttltfz/hzqlb/mgfwthq/gjq.rpz
@           72966 /qmfvph/ttltfz/ttltfz/hzqlb/zhq/clvljpb/scs
@          206453 /qmfvph/ttltfz/ttltfz/hzqlb/zhq/dfdbzzz/cgrdn.dcw
@          141515 /qmfvph/ttltfz/ttltfz/hzqlb/zhq/lqhfbp/nlvswpcm.fvm
@           68018 /qmfvph/ttltfz/ttltfz/hzqlb/zhq/lqhfbp/zgwwvb.pcs
@          215903 /qmfvph/ttltfz/ttltfz/hzqlb/zhq/lqhfbp/zlmdlbdp
@          152633 /qmfvph/ttltfz/ttltfz/hzqlb/zhq/nfngbl.mcn
@          148686 /qmfvph/ttltfz/ttltfz/msczpj/clvljpb/fmd
@          244875 /qmfvph/ttltfz/ttltfz/msczpj/clvljpb/mhnlcz
@          271194 /qmfvph/ttltfz/ttltfz/msczpj/clvljpb/qchfgv
@          219572 /qmfvph/ttltfz/ttltfz/msczpj/smhsm/ptzhr
@           46118 /qmfvph/ttltfz/ttltfz/msczpj/zhq/qzmbgv.npf
@           59543 /qmfvph/ttltfz/ttltfz/mvbhn/dnbmm/jqv/cpbr/mclpq.bpr
@          139444 /qmfvph/ttltfz/ttltfz/mvbhn/dnbmm/lcclc/jpwdgvb.wgz
@           25762 /qmfvph/ttltfz/ttltfz/mvbhn/dnbmm/rfwdnjzz.stw
@          172833 /qmfvph/ttltfz/ttltfz/mvbhn/dnbmm/rpf.vqn
@           18217 /qmfvph/ttltfz/ttltfz/mvbhn/dnbmm/zgwwvb.pcs
@           17522 /qmfvph/ttltfz/ttltfz/mvbhn/dnbmm.hqp
@           42332 /qmfvph/ttltfz/ttltfz/mvbhn/hws/clvljpb
@          240502 /qmfvph/ttltfz/ttltfz/mvbhn/hws/clvljpb.bbn
@          191941 /qmfvph/ttltfz/ttltfz/mvbhn/hws/jdz/dnbmm/cvhvq.rzr
@           37624 /qmfvph/ttltfz/ttltfz/mvbhn/hws/pcg.wnr
@          159772 /qmfvph/ttltfz/ttltfz/mvbhn/hws/pjd/bnwjc/lqcbv.mvh
@          159506 /qmfvph/ttltfz/ttltfz/mvbhn/hws/pjd/pgvzhl/nfngbl.mcn
@          114670 /qmfvph/ttltfz/ttltfz/mvbhn/hws/pjd/pgvzhl/qchfgv
@           33261 /qmfvph/ttltfz/ttltfz/mvbhn/hws/pjd/rvpw.jlj
@          162563 /qmfvph/ttltfz/ttltfz/mvbhn/hws/pjd/zhq/mtcd
@          169282 /qmfvph/ttltfz/ttltfz/mvbhn/hws/plw.frm
@          100105 /qmfvph/ttltfz/ttltfz/mvbhn/hws/tmpll.gwm
@           42146 /qmfvph/ttltfz/ttltfz/mvbhn/hwtsjfbb/clvljpb/bbb
@          160031 /qmfvph/ttltfz/ttltfz/mvbhn/hwtsjfbb/fqclffr/zgwwvb.pcs
@           70936 /qmfvph/ttltfz/ttltfz/mvbhn/hwtsjfbb/hzqlb/pcg.wnr
@          230600 /qmfvph/ttltfz/ttltfz/mvbhn/hwtsjfbb/hzqlb/pfnfjqc.bsp
@          154358 /qmfvph/ttltfz/ttltfz/mvbhn/hwtsjfbb/hzqlb/plw.frm
@          106007 /qmfvph/ttltfz/ttltfz/mvbhn/hwtsjfbb/hzqlb/qtztf
@          243079 /qmfvph/ttltfz/ttltfz/mvbhn/hwtsjfbb/rqbh.ltt
@          265666 /qmfvph/ttltfz/ttltfz/mvbhn/hwtsjfbb/wtz/nfngbl.mcn
@           76239 /qmfvph/ttltfz/ttltfz/mvbhn/hwtsjfbb/wtz/wjsrb/wqzg
@           11571 /qmfvph/ttltfz/ttltfz/mvbhn/hwtsjfbb/wtz/zhh/wptzslq.gwr
@          199430 /qmfvph/ttltfz/ttltfz/mvbhn/hzqlb/gwgrtw.dzv
@           49307 /qmfvph/ttltfz/ttltfz/mvbhn/mghrhcsj/bvtmfj.dbh
@          225705 /qmfvph/ttltfz/ttltfz/mvbhn/mprvjd/zhq/nfngbl.mcn
@          204180 /qmfvph/ttltfz/ttltfz/mvbhn/mprvjd/zhq/pcg.wnr
@          180207 /qmfvph/ttltfz/ttltfz/mvbhn/qchfgv
@          174192 /qmfvph/ttltfz/ttltfz/mvbhn/qzrshw/ddgs/dvb
@          100076 /qmfvph/ttltfz/ttltfz/mvbhn/qzrshw/ddgs/rgdbsfbm.wrd
@           18400 /qmfvph/ttltfz/ttltfz/mvbhn/qzrshw/ddgs/zgwwvb.pcs
@          165950 /qmfvph/ttltfz/ttltfz/mvbhn/qzrshw/hzqlb/plw.frm
@          248187 /qmfvph/ttltfz/ttltfz/mvbhn/qzrshw/lmtfhtd/clvljpb/fdvbtnvh.gsc
@          137957 /qmfvph/ttltfz/ttltfz/mvbhn/qzrshw/lmtfhtd/dnbmm.vjs
@          159982 /qmfvph/ttltfz/ttltfz/mvbhn/qzrshw/lmtfhtd/lgll.lnp
@           25796 /qmfvph/ttltfz/ttltfz/mvbhn/qzrshw/lmtfhtd/plw.frm
@          201565 /qmfvph/ttltfz/ttltfz/mvbhn/qzrshw/lmtfhtd/znj.ljv
@          157122 /qmfvph/ttltfz/ttltfz/mvbhn/qzrshw/qchfgv
@          224433 /qmfvph/ttltfz/ttltfz/mvbhn/qzrshw/sjq/dnbmm/qchfgv
@          167394 /qmfvph/ttltfz/ttltfz/mvbhn/qzrshw/sjq/dzmj
@          143508 /qmfvph/ttltfz/ttltfz/mvbhn/qzrshw/sjq/plw.frm
@           47580 /qmfvph/ttltfz/ttltfz/mvbhn/qzrshw/sjq/sllcrmp/hfvh.ncs
@          194211 /qmfvph/ttltfz/ttltfz/mvbhn/qzrshw/sjq/sllcrmp/hgtm/nsddmsvq
@            8615 /qmfvph/ttltfz/ttltfz/mvbhn/qzrshw/sjq/sllcrmp/hgtm/zgwwvb.pcs
@          237683 /qmfvph/ttltfz/ttltfz/mvbhn/qzrshw/sjq/sllcrmp/nzjzd.zcw
@          249866 /qmfvph/ttltfz/ttltfz/mvbhn/qzrshw/sjq/ttltfz/gbqptvn.pvm
@          205314 /qmfvph/ttltfz/ttltfz/mvbhn/qzrshw/sjq/ttltfz/jjb.qbl
@          140530 /qmfvph/ttltfz/ttltfz/mvbhn/qzrshw/sjq/vdsvw.jhv
@          266400 /qmfvph/ttltfz/ttltfz/mvbhn/qzrshw/tdjh/clvljpb.tmv
@          130599 /qmfvph/ttltfz/ttltfz/mvbhn/qzrshw/tdjh/qdnmmh.trp
@          130436 /qmfvph/ttltfz/ttltfz/mvbhn/rdgndm.clf
@          128601 /qmfvph/ttltfz/ttltfz/mvbhn/tbdz.bgs
@          214035 /qmfvph/ttltfz/ttltfz/mvbhn/vpp/nfngbl.mcn
@           38087 /qmfvph/ttltfz/ttltfz/nfngbl.mcn
@          169762 /qmfvph/ttltfz/ttltfz/ttjbnj/crlhpd/vmgdpf/plw.frm
@           47864 /qmfvph/ttltfz/ttltfz/ttjbnj/dnbmm
@           68861 /qmfvph/ttltfz/ttltfz/ttjbnj/ttltfz/gdf/plw.frm
@          166403 /qmfvph/ttltfz/ttltfz/ttjbnj/ttltfz/hdh/dnbmm
@          100770 /qmfvph/ttltfz/ttltfz/ttjbnj/ttltfz/jbfwr/pcg.wnr
@          178623 /qmfvph/ttltfz/ttltfz/ttjbnj/ttltfz/jbfwr/wnswp
@           41069 /qmfvph/ttltfz/ttltfz/ttjbnj/ttltfz/jbfwr/zmrrmdv.bzr
@          234321 /qmfvph/ttltfz/ttltfz/ttltfz/dnbmm
@          131214 /qmfvph/ttltfz/ttltfz/ttltfz/dtpprnwf.hfr
@          112879 /qmfvph/ttltfz/ttltfz/vjj/pgzrb
@          147979 /qmfvph/ttltfz/ttltfz/zhq/clvljpb
@          169253 /qmfvph/ttltfz/ttltfz/zhq/dvm/cpsqlvbl/hzqlb/nscj
@          161525 /qmfvph/ttltfz/ttltfz/zhq/dvm/ffw/bpg.rsw
@           50629 /qmfvph/ttltfz/ttltfz/zhq/dvm/ffw/dnbmm.qff
@          126458 /qmfvph/ttltfz/ttltfz/zhq/dvm/ffw/pcg.wnr
@           18268 /qmfvph/ttltfz/ttltfz/zhq/dvm/ffw/trvcmp
@          218994 /qmfvph/ttltfz/ttltfz/zhq/dvm/ffw/vwnlb/ccjz.qrm
@          268399 /qmfvph/ttltfz/ttltfz/zhq/dvm/ffw/vwnlb/srwv
@          171750 /qmfvph/ttltfz/ttltfz/zhq/dvm/ffw/zgwwvb.pcs
@          150894 /qmfvph/ttltfz/ttltfz/zhq/dvm/ffw/zhq/ztcw.dlc
@           45224 /qmfvph/ttltfz/ttltfz/zhq/dvm/hzqlb/fnb.vgg
@           53728 /qmfvph/ttltfz/ttltfz/zhq/dvm/hzqlb/nfngbl.mcn
@          230460 /qmfvph/ttltfz/ttltfz/zhq/dvm/hzqlb/zhq.bsw
@           95516 /qmfvph/ttltfz/ttltfz/zhq/dvm/pcg.wnr
@           60101 /qmfvph/ttltfz/ttltfz/zhq/dvm/tcswqq.zjf
@          136916 /qmfvph/ttltfz/ttltfz/zhq/pcg.wnr
@          205323 /qmfvph/ttltfz/ttltfz/zhq/rwnrfrph
@           91447 /qmfvph/ttltfz/ttltfz/zqgcbnrt/bdjbn
@          250311 /qmfvph/ttltfz/wbvcf/dzh/qrvn.bft
@           96530 /qmfvph/ttltfz/wsqvpp/jwhtlzcm.gmq
@          148645 /qmfvph/ttltfz/zgwwvb.pcs
@          178296 /qmfvph/ttltfz.mjc
@          264037 /qmfvph/zcvfqn/hzqlb.jfp
@          248407 /qmfvph/zcvfqn/nlnl/nfngbl.mcn
@          188078 /qmfvph/zcvfqn/nlnl/pzwmrfht.dfs
@          268160 /qmfvph/zcvfqn/nlnl/qchfgv
@           96691 /qmfvph/zcvfqn/qchfgv
@          126674 /qmfvph/zcvfqn/zhq.ndc
@           91941 /qmfvph/zhq/bgc.grv
@           32446 /qmfvph/zhq.pjm
@          260358 /qmfvph/zpb/dnbmm/lcpg
@          227028 /qmfvph/zpb/dnbmm/lfm/qchfgv
@          132820 /qmfvph/zpb/fsw/fffpsrvp/gflwnfc/cjznqwf.hhq
@          224464 /qmfvph/zpb/fsw/fffpsrvp/gflwnfc/nfngbl.mcn
@          104803 /qmfvph/zpb/fsw/fffpsrvp/gflwnfc/qchfgv
@          176446 /qmfvph/zpb/fsw/fffpsrvp/lwz.pgq
@          153630 /qmfvph/zpb/fsw/pcg.wnr
@           56266 /qmfvph/zpb/fsw/qtwvgmtl/rcssfd/htr.chf
@          128262 /qmfvph/zpb/fsw/qtwvgmtl/rcssfd/qcfsth.mlt
@          120527 /qmfvph/zpb/fsw/qtwvgmtl/rcssfd/sqrb
@            2971 /qmfvph/zpb/fsw/qzl.pcn
@           17259 /qmfvph/zpb/fsw/zrpl.hcc

         41111105 /
           104564 /dcvzbqf
           104564 /dcvzbqf/gfvl
         11285770 /qdtw
           118575 /qdtw/fsj
          1944601 /qdtw/jwfbvmds
           313370 /qdtw/jwfbvmds/bbvg
           133483 /qdtw/jwfbvmds/bds
          1148106 /qdtw/jwfbvmds/clvljpb
           690241 /qdtw/jwfbvmds/clvljpb/psvtz
           428219 /qdtw/jwfbvmds/clvljpb/psvtz/gdj
           200517 /qdtw/jwfbvmds/clvljpb/psvtz/gdj/vmcshh
           223576 /qdtw/jwfbvmds/hzqlb
           223576 /qdtw/jwfbvmds/hzqlb/dnbmm
%           20581 /qdtw/jwfbvmds/jpvnzhf
          4141432 /qdtw/pwnhpm
          3479138 /qdtw/pwnhpm/clvljpb
           984576 /qdtw/pwnhpm/clvljpb/clvljpb
           356320 /qdtw/pwnhpm/clvljpb/clvljpb/hzqlb
           167082 /qdtw/pwnhpm/clvljpb/clvljpb/hzqlb/gjg
           415350 /qdtw/pwnhpm/clvljpb/clvljpb/zhq
          1763961 /qdtw/pwnhpm/clvljpb/fvgbsft
           459262 /qdtw/pwnhpm/clvljpb/fvgbsft/fzhwsjf
           260247 /qdtw/pwnhpm/clvljpb/fvgbsft/vlplrn
           480488 /qdtw/pwnhpm/clvljpb/fvgbsft/vnbg
           107068 /qdtw/pwnhpm/clvljpb/fvgbsft/vnbg/wfb
           545487 /qdtw/pwnhpm/clvljpb/fvgbsft/vpc
           506778 /qdtw/qbrpq
           407611 /qdtw/wdc
          2673109 /qdtw/wpw
           368565 /qdtw/wpw/dnbmm
          1838290 /qdtw/wpw/lvznwbpg
           749272 /qdtw/wpw/lvznwbpg/qbqpsccr
           204980 /qdtw/wpw/lvznwbpg/wnms
           204980 /qdtw/wpw/lvznwbpg/wnms/ttltfz
           204980 /qdtw/wpw/lvznwbpg/wnms/ttltfz/btm
           204980 /qdtw/wpw/lvznwbpg/wnms/ttltfz/btm/hzqlb
           204980 /qdtw/wpw/lvznwbpg/wnms/ttltfz/btm/hzqlb/ttltfz
           154868 /qdtw/wpw/lvznwbpg/zhq
          1277072 /qdtw/zbfgmw
          1007437 /qdtw/zbfgmw/fcjwpgz
%            6370 /qdtw/zbfgmw/fcjwpgz/jltvg
           991109 /qdtw/zbfgmw/fcjwpgz/wwqrb
%           68331 /qdtw/zbfgmw/fcjwpgz/wwqrb/twrp
%           68331 /qdtw/zbfgmw/fcjwpgz/wwqrb/twrp/sfvntjwf
%           41183 /qdtw/zbfgmw/ttltfz
           228452 /qdtw/zbfgmw/zhq
           195502 /qdtw/zbfgmw/zhq/zhq
         29493284 /qmfvph
           975871 /qmfvph/cwfh
           368498 /qmfvph/cwfh/dswtm
           607373 /qmfvph/cwfh/mwzjf
           147595 /qmfvph/cwfh/mwzjf/qbvffr
          5354883 /qmfvph/dnbmm
           795842 /qmfvph/dnbmm/cbdl
           465758 /qmfvph/dnbmm/cbdl/qwvd
           122474 /qmfvph/dnbmm/cbdl/qwvd/dnbmm
          2453790 /qmfvph/dnbmm/fhqjzf
           187203 /qmfvph/dnbmm/fhqjzf/fnnbrlc
           829986 /qmfvph/dnbmm/fhqjzf/hzqlb
           161177 /qmfvph/dnbmm/fhqjzf/vwgvd
           853288 /qmfvph/dnbmm/fhqjzf/zhq
           479266 /qmfvph/dnbmm/fhqjzf/zhq/hchlgv
           150415 /qmfvph/dnbmm/fhqjzf/zhq/hchlgv/dnbmm
%           44475 /qmfvph/dnbmm/fhqjzf/zhq/hchlgv/hzqlb
           155076 /qmfvph/dnbmm/fhqjzf/zhq/zhq
           319961 /qmfvph/dnbmm/ndp
          1660571 /qmfvph/dnbmm/swgwdv
           625670 /qmfvph/dnbmm/swgwdv/dmqn
           206026 /qmfvph/dnbmm/swgwdv/fzgdjp
           650413 /qmfvph/mmmdpth
           168342 /qmfvph/mmmdpth/clvljpb
           218324 /qmfvph/mmmdpth/hzqlb
           218324 /qmfvph/mmmdpth/hzqlb/lqvgqhw
          1341241 /qmfvph/prnpbn
           667933 /qmfvph/prnpbn/dndnhn
           167698 /qmfvph/prnpbn/dndnhn/hvg
           226934 /qmfvph/prnpbn/dndnhn/jqvmzg
%            8030 /qmfvph/prnpbn/dndnhn/jqvmzg/zlp
%           37541 /qmfvph/prnpbn/dndnhn/mhz
         18133289 /qmfvph/ttltfz
           116852 /qmfvph/ttltfz/dnbmm
         17342655 /qmfvph/ttltfz/ttltfz
          4776720 /qmfvph/ttltfz/ttltfz/hzqlb
          3624517 /qmfvph/ttltfz/ttltfz/hzqlb/jshj
%           91204 /qmfvph/ttltfz/ttltfz/hzqlb/jshj/clvljpb
          1102438 /qmfvph/ttltfz/ttltfz/hzqlb/jshj/dzcnm
%           27600 /qmfvph/ttltfz/ttltfz/hzqlb/jshj/dzcnm/cpnwcv
           168016 /qmfvph/ttltfz/ttltfz/hzqlb/jshj/dzcnm/hzqlb
           113079 /qmfvph/ttltfz/ttltfz/hzqlb/jshj/dzcnm/mjclcntf
%           15025 /qmfvph/ttltfz/ttltfz/hzqlb/jshj/dzcnm/mjclcntf/clvljpb
%           54909 /qmfvph/ttltfz/ttltfz/hzqlb/jshj/dzcnm/mjclcntf/qpjtr
           101559 /qmfvph/ttltfz/ttltfz/hzqlb/jshj/dzcnm/qnljb
           455079 /qmfvph/ttltfz/ttltfz/hzqlb/jshj/dzcnm/zhq
%           83801 /qmfvph/ttltfz/ttltfz/hzqlb/jshj/dzcnm/zhq/hfzgs
           507572 /qmfvph/ttltfz/ttltfz/hzqlb/jshj/hmvw
           129431 /qmfvph/ttltfz/ttltfz/hzqlb/jshj/hmvw/gmvqz
%           48687 /qmfvph/ttltfz/ttltfz/hzqlb/jshj/hmvw/lmbqfhb
%           48687 /qmfvph/ttltfz/ttltfz/hzqlb/jshj/hmvw/lmbqfhb/wjql
           442073 /qmfvph/ttltfz/ttltfz/hzqlb/jshj/hzqlb
           336740 /qmfvph/ttltfz/ttltfz/hzqlb/jshj/hzqlb/zhq
           814526 /qmfvph/ttltfz/ttltfz/hzqlb/jshj/ltpqhg
           418148 /qmfvph/ttltfz/ttltfz/hzqlb/jshj/wzvjft
%           79808 /qmfvph/ttltfz/ttltfz/hzqlb/jshj/wzvjft/fdntdf
           262350 /qmfvph/ttltfz/ttltfz/hzqlb/jtjv
%           32365 /qmfvph/ttltfz/ttltfz/hzqlb/mgfwthq
           857488 /qmfvph/ttltfz/ttltfz/hzqlb/zhq
%           72966 /qmfvph/ttltfz/ttltfz/hzqlb/zhq/clvljpb
           206453 /qmfvph/ttltfz/ttltfz/hzqlb/zhq/dfdbzzz
           425436 /qmfvph/ttltfz/ttltfz/hzqlb/zhq/lqhfbp
           930445 /qmfvph/ttltfz/ttltfz/msczpj
           664755 /qmfvph/ttltfz/ttltfz/msczpj/clvljpb
           219572 /qmfvph/ttltfz/ttltfz/msczpj/smhsm
%           46118 /qmfvph/ttltfz/ttltfz/msczpj/zhq
          7942773 /qmfvph/ttltfz/ttltfz/mvbhn
           433321 /qmfvph/ttltfz/ttltfz/mvbhn/dnbmm
%           59543 /qmfvph/ttltfz/ttltfz/mvbhn/dnbmm/jqv
%           59543 /qmfvph/ttltfz/ttltfz/mvbhn/dnbmm/jqv/cpbr
           139444 /qmfvph/ttltfz/ttltfz/mvbhn/dnbmm/lcclc
          1411558 /qmfvph/ttltfz/ttltfz/mvbhn/hws
           191941 /qmfvph/ttltfz/ttltfz/mvbhn/hws/jdz
           191941 /qmfvph/ttltfz/ttltfz/mvbhn/hws/jdz/dnbmm
           629772 /qmfvph/ttltfz/ttltfz/mvbhn/hws/pjd
           159772 /qmfvph/ttltfz/ttltfz/mvbhn/hws/pjd/bnwjc
           274176 /qmfvph/ttltfz/ttltfz/mvbhn/hws/pjd/pgvzhl
           162563 /qmfvph/ttltfz/ttltfz/mvbhn/hws/pjd/zhq
          1360633 /qmfvph/ttltfz/ttltfz/mvbhn/hwtsjfbb
%           42146 /qmfvph/ttltfz/ttltfz/mvbhn/hwtsjfbb/clvljpb
           160031 /qmfvph/ttltfz/ttltfz/mvbhn/hwtsjfbb/fqclffr
           561901 /qmfvph/ttltfz/ttltfz/mvbhn/hwtsjfbb/hzqlb
           353476 /qmfvph/ttltfz/ttltfz/mvbhn/hwtsjfbb/wtz
%           76239 /qmfvph/ttltfz/ttltfz/mvbhn/hwtsjfbb/wtz/wjsrb
%           11571 /qmfvph/ttltfz/ttltfz/mvbhn/hwtsjfbb/wtz/zhh
           199430 /qmfvph/ttltfz/ttltfz/mvbhn/hzqlb
%           49307 /qmfvph/ttltfz/ttltfz/mvbhn/mghrhcsj
           429885 /qmfvph/ttltfz/ttltfz/mvbhn/mprvjd
           429885 /qmfvph/ttltfz/ttltfz/mvbhn/mprvjd/zhq
          3405360 /qmfvph/ttltfz/ttltfz/mvbhn/qzrshw
           292668 /qmfvph/ttltfz/ttltfz/mvbhn/qzrshw/ddgs
           165950 /qmfvph/ttltfz/ttltfz/mvbhn/qzrshw/hzqlb
           773487 /qmfvph/ttltfz/ttltfz/mvbhn/qzrshw/lmtfhtd
           248187 /qmfvph/ttltfz/ttltfz/mvbhn/qzrshw/lmtfhtd/clvljpb
          1619134 /qmfvph/ttltfz/ttltfz/mvbhn/qzrshw/sjq
           224433 /qmfvph/ttltfz/ttltfz/mvbhn/qzrshw/sjq/dnbmm
           488089 /qmfvph/ttltfz/ttltfz/mvbhn/qzrshw/sjq/sllcrmp
           202826 /qmfvph/ttltfz/ttltfz/mvbhn/qzrshw/sjq/sllcrmp/hgtm
           455180 /qmfvph/ttltfz/ttltfz/mvbhn/qzrshw/sjq/ttltfz
           396999 /qmfvph/ttltfz/ttltfz/mvbhn/qzrshw/tdjh
           214035 /qmfvph/ttltfz/ttltfz/mvbhn/vpp
           773352 /qmfvph/ttltfz/ttltfz/ttjbnj
           169762 /qmfvph/ttltfz/ttltfz/ttjbnj/crlhpd
           169762 /qmfvph/ttltfz/ttltfz/ttjbnj/crlhpd/vmgdpf
           555726 /qmfvph/ttltfz/ttltfz/ttjbnj/ttltfz
%           68861 /qmfvph/ttltfz/ttltfz/ttjbnj/ttltfz/gdf
           166403 /qmfvph/ttltfz/ttltfz/ttjbnj/ttltfz/hdh
           320462 /qmfvph/ttltfz/ttltfz/ttjbnj/ttltfz/jbfwr
           365535 /qmfvph/ttltfz/ttltfz/ttltfz
           112879 /qmfvph/ttltfz/ttltfz/vjj
          2311417 /qmfvph/ttltfz/ttltfz/zhq
          1821199 /qmfvph/ttltfz/ttltfz/zhq/dvm
           169253 /qmfvph/ttltfz/ttltfz/zhq/dvm/cpsqlvbl
           169253 /qmfvph/ttltfz/ttltfz/zhq/dvm/cpsqlvbl/hzqlb
          1166917 /qmfvph/ttltfz/ttltfz/zhq/dvm/ffw
           487393 /qmfvph/ttltfz/ttltfz/zhq/dvm/ffw/vwnlb
           150894 /qmfvph/ttltfz/ttltfz/zhq/dvm/ffw/zhq
           329412 /qmfvph/ttltfz/ttltfz/zhq/dvm/hzqlb
%           91447 /qmfvph/ttltfz/ttltfz/zqgcbnrt
           250311 /qmfvph/ttltfz/wbvcf
           250311 /qmfvph/ttltfz/wbvcf/dzh
%           96530 /qmfvph/ttltfz/wsqvpp
          1192047 /qmfvph/zcvfqn
           704645 /qmfvph/zcvfqn/nlnl
           124387 /qmfvph/zhq
          1604834 /qmfvph/zpb
           487386 /qmfvph/zpb/dnbmm
           227028 /qmfvph/zpb/dnbmm/lfm
          1117448 /qmfvph/zpb/fsw
           638533 /qmfvph/zpb/fsw/fffpsrvp
           462087 /qmfvph/zpb/fsw/fffpsrvp/gflwnfc
           305055 /qmfvph/zpb/fsw/qtwvgmtl
           305055 /qmfvph/zpb/fsw/qtwvgmtl/rcssfd

1451199
