u /
r /
u /dcvzbqf
r /dcvzbqf
u /dcvzbqf/gfvl
r /dcvzbqf/gfvl
u /dcvzbqf/gfvl/..
r /dcvzbqf
u /dcvzbqf/..
r /
u /qdtw
r /qdtw
u /qdtw/fsj
r /qdtw/fsj
u /qdtw/fsj/..
r /qdtw
u /qdtw/jwfbvmds
r /qdtw/jwfbvmds
u /qdtw/jwfbvmds/bbvg
r /qdtw/jwfbvmds/bbvg
u /qdtw/jwfbvmds/bbvg/..
r /qdtw/jwfbvmds
u /qdtw/jwfbvmds/bds
r /qdtw/jwfbvmds/bds
u /qdtw/jwfbvmds/bds/..
r /qdtw/jwfbvmds
u /qdtw/jwfbvmds/clvljpb
r /qdtw/jwfbvmds/clvljpb
u /qdtw/jwfbvmds/clvljpb/psvtz
r /qdtw/jwfbvmds/clvljpb/psvtz
u /qdtw/jwfbvmds/clvljpb/psvtz/gdj
r /qdtw/jwfbvmds/clvljpb/psvtz/gdj
u /qdtw/jwfbvmds/clvljpb/psvtz/gdj/vmcshh
r /qdtw/jwfbvmds/clvljpb/psvtz/gdj/vmcshh
u /qdtw/jwfbvmds/clvljpb/psvtz/gdj/vmcshh/..
r /qdtw/jwfbvmds/clvljpb/psvtz/gdj
u /qdtw/jwfbvmds/clvljpb/psvtz/gdj/..
r /qdtw/jwfbvmds/clvljpb/psvtz
u /qdtw/jwfbvmds/clvljpb/psvtz/..
r /qdtw/jwfbvmds/clvljpb
u /qdtw/jwfbvmds/clvljpb/..
r /qdtw/jwfbvmds
u /qdtw/jwfbvmds/hzqlb
r /qdtw/jwfbvmds/hzqlb
u /qdtw/jwfbvmds/hzqlb/dnbmm
r /qdtw/jwfbvmds/hzqlb/dnbmm
u /qdtw/jwfbvmds/hzqlb/dnbmm/..
r /qdtw/jwfbvmds/hzqlb
u /qdtw/jwfbvmds/hzqlb/..
r /qdtw/jwfbvmds
u /qdtw/jwfbvmds/jpvnzhf
r /qdtw/jwfbvmds/jpvnzhf
u /qdtw/jwfbvmds/jpvnzhf/..
r /qdtw/jwfbvmds
u /qdtw/jwfbvmds/..
r /qdtw
u /qdtw/pwnhpm
r /qdtw/pwnhpm
u /qdtw/pwnhpm/clvljpb
r /qdtw/pwnhpm/clvljpb
u /qdtw/pwnhpm/clvljpb/clvljpb
r /qdtw/pwnhpm/clvljpb/clvljpb
u /qdtw/pwnhpm/clvljpb/clvljpb/hzqlb
r /qdtw/pwnhpm/clvljpb/clvljpb/hzqlb
u /qdtw/pwnhpm/clvljpb/clvljpb/hzqlb/gjg
r /qdtw/pwnhpm/clvljpb/clvljpb/hzqlb/gjg
u /qdtw/pwnhpm/clvljpb/clvljpb/hzqlb/gjg/..
r /qdtw/pwnhpm/clvljpb/clvljpb/hzqlb
u /qdtw/pwnhpm/clvljpb/clvljpb/hzqlb/..
r /qdtw/pwnhpm/clvljpb/clvljpb
u /qdtw/pwnhpm/clvljpb/clvljpb/zhq
r /qdtw/pwnhpm/clvljpb/clvljpb/zhq
u /qdtw/pwnhpm/clvljpb/clvljpb/zhq/..
r /qdtw/pwnhpm/clvljpb/clvljpb
u /qdtw/pwnhpm/clvljpb/clvljpb/..
r /qdtw/pwnhpm/clvljpb
u /qdtw/pwnhpm/clvljpb/fvgbsft
r /qdtw/pwnhpm/clvljpb/fvgbsft
u /qdtw/pwnhpm/clvljpb/fvgbsft/fzhwsjf
r /qdtw/pwnhpm/clvljpb/fvgbsft/fzhwsjf
u /qdtw/pwnhpm/clvljpb/fvgbsft/fzhwsjf/..
r /qdtw/pwnhpm/clvljpb/fvgbsft
u /qdtw/pwnhpm/clvljpb/fvgbsft/vlplrn
r /qdtw/pwnhpm/clvljpb/fvgbsft/vlplrn
u /qdtw/pwnhpm/clvljpb/fvgbsft/vlplrn/..
r /qdtw/pwnhpm/clvljpb/fvgbsft
u /qdtw/pwnhpm/clvljpb/fvgbsft/vnbg
r /qdtw/pwnhpm/clvljpb/fvgbsft/vnbg
u /qdtw/pwnhpm/clvljpb/fvgbsft/vnbg/wfb
r /qdtw/pwnhpm/clvljpb/fvgbsft/vnbg/wfb
u /qdtw/pwnhpm/clvljpb/fvgbsft/vnbg/wfb/..
r /qdtw/pwnhpm/clvljpb/fvgbsft/vnbg
u /qdtw/pwnhpm/clvljpb/fvgbsft/vnbg/..
r /qdtw/pwnhpm/clvljpb/fvgbsft
u /qdtw/pwnhpm/clvljpb/fvgbsft/vpc
r /qdtw/pwnhpm/clvljpb/fvgbsft/vpc
u /qdtw/pwnhpm/clvljpb/fvgbsft/vpc/..
r /qdtw/pwnhpm/clvljpb/fvgbsft
u /qdtw/pwnhpm/clvljpb/fvgbsft/..
r /qdtw/pwnhpm/clvljpb
u /qdtw/pwnhpm/clvljpb/..
r /qdtw/pwnhpm
u /qdtw/pwnhpm/..
r /qdtw
u /qdtw/qbrpq
r /qdtw/qbrpq
u /qdtw/qbrpq/..
r /qdtw
u /qdtw/wdc
r /qdtw/wdc
u /qdtw/wdc/..
r /qdtw
u /qdtw/wpw
r /qdtw/wpw
u /qdtw/wpw/dnbmm
r /qdtw/wpw/dnbmm
u /qdtw/wpw/dnbmm/..
r /qdtw/wpw
u /qdtw/wpw/lvznwbpg
r /qdtw/wpw/lvznwbpg
u /qdtw/wpw/lvznwbpg/qbqpsccr
r /qdtw/wpw/lvznwbpg/qbqpsccr
u /qdtw/wpw/lvznwbpg/qbqpsccr/..
r /qdtw/wpw/lvznwbpg
u /qdtw/wpw/lvznwbpg/wnms
r /qdtw/wpw/lvznwbpg/wnms
u /qdtw/wpw/lvznwbpg/wnms/ttltfz
r /qdtw/wpw/lvznwbpg/wnms/ttltfz
u /qdtw/wpw/lvznwbpg/wnms/ttltfz/btm
r /qdtw/wpw/lvznwbpg/wnms/ttltfz/btm
u /qdtw/wpw/lvznwbpg/wnms/ttltfz/btm/hzqlb
r /qdtw/wpw/lvznwbpg/wnms/ttltfz/btm/hzqlb
u /qdtw/wpw/lvznwbpg/wnms/ttltfz/btm/hzqlb/ttltfz
r /qdtw/wpw/lvznwbpg/wnms/ttltfz/btm/hzqlb/ttltfz
u /qdtw/wpw/lvznwbpg/wnms/ttltfz/btm/hzqlb/ttltfz/..
r /qdtw/wpw/lvznwbpg/wnms/ttltfz/btm/hzqlb
u /qdtw/wpw/lvznwbpg/wnms/ttltfz/btm/hzqlb/..
r /qdtw/wpw/lvznwbpg/wnms/ttltfz/btm
u /qdtw/wpw/lvznwbpg/wnms/ttltfz/btm/..
r /qdtw/wpw/lvznwbpg/wnms/ttltfz
u /qdtw/wpw/lvznwbpg/wnms/ttltfz/..
r /qdtw/wpw/lvznwbpg/wnms
u /qdtw/wpw/lvznwbpg/wnms/..
r /qdtw/wpw/lvznwbpg
u /qdtw/wpw/lvznwbpg/zhq
r /qdtw/wpw/lvznwbpg/zhq
u /qdtw/wpw/lvznwbpg/zhq/..
r /qdtw/wpw/lvznwbpg
u /qdtw/wpw/lvznwbpg/..
r /qdtw/wpw
u /qdtw/wpw/..
r /qdtw
u /qdtw/zbfgmw
r /qdtw/zbfgmw
u /qdtw/zbfgmw/fcjwpgz
r /qdtw/zbfgmw/fcjwpgz
u /qdtw/zbfgmw/fcjwpgz/jltvg
r /qdtw/zbfgmw/fcjwpgz/jltvg
u /qdtw/zbfgmw/fcjwpgz/jltvg/..
r /qdtw/zbfgmw/fcjwpgz
u /qdtw/zbfgmw/fcjwpgz/wwqrb
r /qdtw/zbfgmw/fcjwpgz/wwqrb
u /qdtw/zbfgmw/fcjwpgz/wwqrb/twrp
r /qdtw/zbfgmw/fcjwpgz/wwqrb/twrp
u /qdtw/zbfgmw/fcjwpgz/wwqrb/twrp/sfvntjwf
r /qdtw/zbfgmw/fcjwpgz/wwqrb/twrp/sfvntjwf
u /qdtw/zbfgmw/fcjwpgz/wwqrb/twrp/sfvntjwf/..
r /qdtw/zbfgmw/fcjwpgz/wwqrb/twrp
u /qdtw/zbfgmw/fcjwpgz/wwqrb/twrp/..
r /qdtw/zbfgmw/fcjwpgz/wwqrb
u /qdtw/zbfgmw/fcjwpgz/wwqrb/..
r /qdtw/zbfgmw/fcjwpgz
u /qdtw/zbfgmw/fcjwpgz/..
r /qdtw/zbfgmw
u /qdtw/zbfgmw/ttltfz
r /qdtw/zbfgmw/ttltfz
u /qdtw/zbfgmw/ttltfz/..
r /qdtw/zbfgmw
u /qdtw/zbfgmw/zhq
r /qdtw/zbfgmw/zhq
u /qdtw/zbfgmw/zhq/zhq
r /qdtw/zbfgmw/zhq/zhq
u /qdtw/zbfgmw/zhq/zhq/..
r /qdtw/zbfgmw/zhq
u /qdtw/zbfgmw/zhq/..
r /qdtw/zbfgmw
u /qdtw/zbfgmw/..
r /qdtw
u /qdtw/..
r /
u /qmfvph
r /qmfvph
u /qmfvph/cwfh
r /qmfvph/cwfh
u /qmfvph/cwfh/dswtm
r /qmfvph/cwfh/dswtm
u /qmfvph/cwfh/dswtm/..
r /qmfvph/cwfh
u /qmfvph/cwfh/mwzjf
r /qmfvph/cwfh/mwzjf
u /qmfvph/cwfh/mwzjf/qbvffr
r /qmfvph/cwfh/mwzjf/qbvffr
u /qmfvph/cwfh/mwzjf/qbvffr/..
r /qmfvph/cwfh/mwzjf
u /qmfvph/cwfh/mwzjf/..
r /qmfvph/cwfh
u /qmfvph/cwfh/..
r /qmfvph
u /qmfvph/dnbmm
r /qmfvph/dnbmm
u /qmfvph/dnbmm/cbdl
r /qmfvph/dnbmm/cbdl
u /qmfvph/dnbmm/cbdl/qwvd
r /qmfvph/dnbmm/cbdl/qwvd
u /qmfvph/dnbmm/cbdl/qwvd/dnbmm
r /qmfvph/dnbmm/cbdl/qwvd/dnbmm
u /qmfvph/dnbmm/cbdl/qwvd/dnbmm/..
r /qmfvph/dnbmm/cbdl/qwvd
u /qmfvph/dnbmm/cbdl/qwvd/..
r /qmfvph/dnbmm/cbdl
u /qmfvph/dnbmm/cbdl/..
r /qmfvph/dnbmm
u /qmfvph/dnbmm/fhqjzf
r /qmfvph/dnbmm/fhqjzf
u /qmfvph/dnbmm/fhqjzf/fnnbrlc
r /qmfvph/dnbmm/fhqjzf/fnnbrlc
u /qmfvph/dnbmm/fhqjzf/fnnbrlc/..
r /qmfvph/dnbmm/fhqjzf
u /qmfvph/dnbmm/fhqjzf/hzqlb
r /qmfvph/dnbmm/fhqjzf/hzqlb
u /qmfvph/dnbmm/fhqjzf/hzqlb/..
r /qmfvph/dnbmm/fhqjzf
u /qmfvph/dnbmm/fhqjzf/vwgvd
r /qmfvph/dnbmm/fhqjzf/vwgvd
u /qmfvph/dnbmm/fhqjzf/vwgvd/..
r /qmfvph/dnbmm/fhqjzf
u /qmfvph/dnbmm/fhqjzf/zhq
r /qmfvph/dnbmm/fhqjzf/zhq
u /qmfvph/dnbmm/fhqjzf/zhq/hchlgv
r /qmfvph/dnbmm/fhqjzf/zhq/hchlgv
u /qmfvph/dnbmm/fhqjzf/zhq/hchlgv/dnbmm
r /qmfvph/dnbmm/fhqjzf/zhq/hchlgv/dnbmm
u /qmfvph/dnbmm/fhqjzf/zhq/hchlgv/dnbmm/..
r /qmfvph/dnbmm/fhqjzf/zhq/hchlgv
u /qmfvph/dnbmm/fhqjzf/zhq/hchlgv/hzqlb
r /qmfvph/dnbmm/fhqjzf/zhq/hchlgv/hzqlb
u /qmfvph/dnbmm/fhqjzf/zhq/hchlgv/hzqlb/..
r /qmfvph/dnbmm/fhqjzf/zhq/hchlgv
u /qmfvph/dnbmm/fhqjzf/zhq/hchlgv/..
r /qmfvph/dnbmm/fhqjzf/zhq
u /qmfvph/dnbmm/fhqjzf/zhq/zhq
r /qmfvph/dnbmm/fhqjzf/zhq/zhq
u /qmfvph/dnbmm/fhqjzf/zhq/zhq/..
r /qmfvph/dnbmm/fhqjzf/zhq
u /qmfvph/dnbmm/fhqjzf/zhq/..
r /qmfvph/dnbmm/fhqjzf
u /qmfvph/dnbmm/fhqjzf/..
r /qmfvph/dnbmm
u /qmfvph/dnbmm/ndp
r /qmfvph/dnbmm/ndp
u /qmfvph/dnbmm/ndp/..
r /qmfvph/dnbmm
u /qmfvph/dnbmm/swgwdv
r /qmfvph/dnbmm/swgwdv
u /qmfvph/dnbmm/swgwdv/dmqn
r /qmfvph/dnbmm/swgwdv/dmqn
u /qmfvph/dnbmm/swgwdv/dmqn/..
r /qmfvph/dnbmm/swgwdv
u /qmfvph/dnbmm/swgwdv/fzgdjp
r /qmfvph/dnbmm/swgwdv/fzgdjp
u /qmfvph/dnbmm/swgwdv/fzgdjp/..
r /qmfvph/dnbmm/swgwdv
u /qmfvph/dnbmm/swgwdv/..
r /qmfvph/dnbmm
u /qmfvph/dnbmm/..
r /qmfvph
u /qmfvph/mmmdpth
r /qmfvph/mmmdpth
u /qmfvph/mmmdpth/clvljpb
r /qmfvph/mmmdpth/clvljpb
u /qmfvph/mmmdpth/clvljpb/..
r /qmfvph/mmmdpth
u /qmfvph/mmmdpth/hzqlb
r /qmfvph/mmmdpth/hzqlb
u /qmfvph/mmmdpth/hzqlb/lqvgqhw
r /qmfvph/mmmdpth/hzqlb/lqvgqhw
u /qmfvph/mmmdpth/hzqlb/lqvgqhw/..
r /qmfvph/mmmdpth/hzqlb
u /qmfvph/mmmdpth/hzqlb/..
r /qmfvph/mmmdpth
u /qmfvph/mmmdpth/..
r /qmfvph
u /qmfvph/prnpbn
r /qmfvph/prnpbn
u /qmfvph/prnpbn/dndnhn
r /qmfvph/prnpbn/dndnhn
u /qmfvph/prnpbn/dndnhn/hvg
r /qmfvph/prnpbn/dndnhn/hvg
u /qmfvph/prnpbn/dndnhn/hvg/..
r /qmfvph/prnpbn/dndnhn
u /qmfvph/prnpbn/dndnhn/jqvmzg
r /qmfvph/prnpbn/dndnhn/jqvmzg
u /qmfvph/prnpbn/dndnhn/jqvmzg/zlp
r /qmfvph/prnpbn/dndnhn/jqvmzg/zlp
u /qmfvph/prnpbn/dndnhn/jqvmzg/zlp/..
r /qmfvph/prnpbn/dndnhn/jqvmzg
u /qmfvph/prnpbn/dndnhn/jqvmzg/..
r /qmfvph/prnpbn/dndnhn
u /qmfvph/prnpbn/dndnhn/mhz
r /qmfvph/prnpbn/dndnhn/mhz
u /qmfvph/prnpbn/dndnhn/mhz/..
r /qmfvph/prnpbn/dndnhn
u /qmfvph/prnpbn/dndnhn/..
r /qmfvph/prnpbn
u /qmfvph/prnpbn/..
r /qmfvph
u /qmfvph/ttltfz
r /qmfvph/ttltfz
u /qmfvph/ttltfz/dnbmm
r /qmfvph/ttltfz/dnbmm
u /qmfvph/ttltfz/dnbmm/..
r /qmfvph/ttltfz
u /qmfvph/ttltfz/ttltfz
r /qmfvph/ttltfz/ttltfz
u /qmfvph/ttltfz/ttltfz/hzqlb
r /qmfvph/ttltfz/ttltfz/hzqlb
u /qmfvph/ttltfz/ttltfz/hzqlb/jshj
r /qmfvph/ttltfz/ttltfz/hzqlb/jshj
u /qmfvph/ttltfz/ttltfz/hzqlb/jshj/clvljpb
r /qmfvph/ttltfz/ttltfz/hzqlb/jshj/clvljpb
u /qmfvph/ttltfz/ttltfz/hzqlb/jshj/clvljpb/..
r /qmfvph/ttltfz/ttltfz/hzqlb/jshj
u /qmfvph/ttltfz/ttltfz/hzqlb/jshj/dzcnm
r /qmfvph/ttltfz/ttltfz/hzqlb/jshj/dzcnm
u /qmfvph/ttltfz/ttltfz/hzqlb/jshj/dzcnm/cpnwcv
r /qmfvph/ttltfz/ttltfz/hzqlb/jshj/dzcnm/cpnwcv
u /qmfvph/ttltfz/ttltfz/hzqlb/jshj/dzcnm/cpnwcv/..
r /qmfvph/ttltfz/ttltfz/hzqlb/jshj/dzcnm
u /qmfvph/ttltfz/ttltfz/hzqlb/jshj/dzcnm/hzqlb
r /qmfvph/ttltfz/ttltfz/hzqlb/jshj/dzcnm/hzqlb
u /qmfvph/ttltfz/ttltfz/hzqlb/jshj/dzcnm/hzqlb/..
r /qmfvph/ttltfz/ttltfz/hzqlb/jshj/dzcnm
u /qmfvph/ttltfz/ttltfz/hzqlb/jshj/dzcnm/mjclcntf
r /qmfvph/ttltfz/ttltfz/hzqlb/jshj/dzcnm/mjclcntf
u /qmfvph/ttltfz/ttltfz/hzqlb/jshj/dzcnm/mjclcntf/clvljpb
r /qmfvph/ttltfz/ttltfz/hzqlb/jshj/dzcnm/mjclcntf/clvljpb
u /qmfvph/ttltfz/ttltfz/hzqlb/jshj/dzcnm/mjclcntf/clvljpb/..
r /qmfvph/ttltfz/ttltfz/hzqlb/jshj/dzcnm/mjclcntf
u /qmfvph/ttltfz/ttltfz/hzqlb/jshj/dzcnm/mjclcntf/qpjtr
r /qmfvph/ttltfz/ttltfz/hzqlb/jshj/dzcnm/mjclcntf/qpjtr
u /qmfvph/ttltfz/ttltfz/hzqlb/jshj/dzcnm/mjclcntf/qpjtr/..
r /qmfvph/ttltfz/ttltfz/hzqlb/jshj/dzcnm/mjclcntf
u /qmfvph/ttltfz/ttltfz/hzqlb/jshj/dzcnm/mjclcntf/..
r /qmfvph/ttltfz/ttltfz/hzqlb/jshj/dzcnm
u /qmfvph/ttltfz/ttltfz/hzqlb/jshj/dzcnm/qnljb
r /qmfvph/ttltfz/ttltfz/hzqlb/jshj/dzcnm/qnljb
u /qmfvph/ttltfz/ttltfz/hzqlb/jshj/dzcnm/qnljb/..
r /qmfvph/ttltfz/ttltfz/hzqlb/jshj/dzcnm
u /qmfvph/ttltfz/ttltfz/hzqlb/jshj/dzcnm/zhq
r /qmfvph/ttltfz/ttltfz/hzqlb/jshj/dzcnm/zhq
u /qmfvph/ttltfz/ttltfz/hzqlb/jshj/dzcnm/zhq/hfzgs
r /qmfvph/ttltfz/ttltfz/hzqlb/jshj/dzcnm/zhq/hfzgs
u /qmfvph/ttltfz/ttltfz/hzqlb/jshj/dzcnm/zhq/hfzgs/..
r /qmfvph/ttltfz/ttltfz/hzqlb/jshj/dzcnm/zhq
u /qmfvph/ttltfz/ttltfz/hzqlb/jshj/dzcnm/zhq/..
r /qmfvph/ttltfz/ttltfz/hzqlb/jshj/dzcnm
u /qmfvph/ttltfz/ttltfz/hzqlb/jshj/dzcnm/..
r /qmfvph/ttltfz/ttltfz/hzqlb/jshj
u /qmfvph/ttltfz/ttltfz/hzqlb/jshj/hmvw
r /qmfvph/ttltfz/ttltfz/hzqlb/jshj/hmvw
u /qmfvph/ttltfz/ttltfz/hzqlb/jshj/hmvw/gmvqz
r /qmfvph/ttltfz/ttltfz/hzqlb/jshj/hmvw/gmvqz
u /qmfvph/ttltfz/ttltfz/hzqlb/jshj/hmvw/gmvqz/..
r /qmfvph/ttltfz/ttltfz/hzqlb/jshj/hmvw
u /qmfvph/ttltfz/ttltfz/hzqlb/jshj/hmvw/lmbqfhb
r /qmfvph/ttltfz/ttltfz/hzqlb/jshj/hmvw/lmbqfhb
u /qmfvph/ttltfz/ttltfz/hzqlb/jshj/hmvw/lmbqfhb/wjql
r /qmfvph/ttltfz/ttltfz/hzqlb/jshj/hmvw/lmbqfhb/wjql
u /qmfvph/ttltfz/ttltfz/hzqlb/jshj/hmvw/lmbqfhb/wjql/..
r /qmfvph/ttltfz/ttltfz/hzqlb/jshj/hmvw/lmbqfhb
u /qmfvph/ttltfz/ttltfz/hzqlb/jshj/hmvw/lmbqfhb/..
r /qmfvph/ttltfz/ttltfz/hzqlb/jshj/hmvw
u /qmfvph/ttltfz/ttltfz/hzqlb/jshj/hmvw/..
r /qmfvph/ttltfz/ttltfz/hzqlb/jshj
u /qmfvph/ttltfz/ttltfz/hzqlb/jshj/hzqlb
r /qmfvph/ttltfz/ttltfz/hzqlb/jshj/hzqlb
u /qmfvph/ttltfz/ttltfz/hzqlb/jshj/hzqlb/zhq
r /qmfvph/ttltfz/ttltfz/hzqlb/jshj/hzqlb/zhq
u /qmfvph/ttltfz/ttltfz/hzqlb/jshj/hzqlb/zhq/..
r /qmfvph/ttltfz/ttltfz/hzqlb/jshj/hzqlb
u /qmfvph/ttltfz/ttltfz/hzqlb/jshj/hzqlb/..
r /qmfvph/ttltfz/ttltfz/hzqlb/jshj
u /qmfvph/ttltfz/ttltfz/hzqlb/jshj/ltpqhg
r /qmfvph/ttltfz/ttltfz/hzqlb/jshj/ltpqhg
u /qmfvph/ttltfz/ttltfz/hzqlb/jshj/ltpqhg/..
r /qmfvph/ttltfz/ttltfz/hzqlb/jshj
u /qmfvph/ttltfz/ttltfz/hzqlb/jshj/wzvjft
r /qmfvph/ttltfz/ttltfz/hzqlb/jshj/wzvjft
u /qmfvph/ttltfz/ttltfz/hzqlb/jshj/wzvjft/fdntdf
r /qmfvph/ttltfz/ttltfz/hzqlb/jshj/wzvjft/fdntdf
u /qmfvph/ttltfz/ttltfz/hzqlb/jshj/wzvjft/fdntdf/..
r /qmfvph/ttltfz/ttltfz/hzqlb/jshj/wzvjft
u /qmfvph/ttltfz/ttltfz/hzqlb/jshj/wzvjft/..
r /qmfvph/ttltfz/ttltfz/hzqlb/jshj
u /qmfvph/ttltfz/ttltfz/hzqlb/jshj/..
r /qmfvph/ttltfz/ttltfz/hzqlb
u /qmfvph/ttltfz/ttltfz/hzqlb/jtjv
r /qmfvph/ttltfz/ttltfz/hzqlb/jtjv
u /qmfvph/ttltfz/ttltfz/hzqlb/jtjv/..
r /qmfvph/ttltfz/ttltfz/hzqlb
u /qmfvph/ttltfz/ttltfz/hzqlb/mgfwthq
r /qmfvph/ttltfz/ttltfz/hzqlb/mgfwthq
u /qmfvph/ttltfz/ttltfz/hzqlb/mgfwthq/..
r /qmfvph/ttltfz/ttltfz/hzqlb
u /qmfvph/ttltfz/ttltfz/hzqlb/zhq
r /qmfvph/ttltfz/ttltfz/hzqlb/zhq
u /qmfvph/ttltfz/ttltfz/hzqlb/zhq/clvljpb
r /qmfvph/ttltfz/ttltfz/hzqlb/zhq/clvljpb
u /qmfvph/ttltfz/ttltfz/hzqlb/zhq/clvljpb/..
r /qmfvph/ttltfz/ttltfz/hzqlb/zhq
u /qmfvph/ttltfz/ttltfz/hzqlb/zhq/dfdbzzz
r /qmfvph/ttltfz/ttltfz/hzqlb/zhq/dfdbzzz
u /qmfvph/ttltfz/ttltfz/hzqlb/zhq/dfdbzzz/..
r /qmfvph/ttltfz/ttltfz/hzqlb/zhq
u /qmfvph/ttltfz/ttltfz/hzqlb/zhq/lqhfbp
r /qmfvph/ttltfz/ttltfz/hzqlb/zhq/lqhfbp
u /qmfvph/ttltfz/ttltfz/hzqlb/zhq/lqhfbp/..
r /qmfvph/ttltfz/ttltfz/hzqlb/zhq
u /qmfvph/ttltfz/ttltfz/hzqlb/zhq/..
r /qmfvph/ttltfz/ttltfz/hzqlb
u /qmfvph/ttltfz/ttltfz/hzqlb/..
r /qmfvph/ttltfz/ttltfz
u /qmfvph/ttltfz/ttltfz/msczpj
r /qmfvph/ttltfz/ttltfz/msczpj
u /qmfvph/ttltfz/ttltfz/msczpj/clvljpb
r /qmfvph/ttltfz/ttltfz/msczpj/clvljpb
u /qmfvph/ttltfz/ttltfz/msczpj/clvljpb/..
r /qmfvph/ttltfz/ttltfz/msczpj
u /qmfvph/ttltfz/ttltfz/msczpj/smhsm
r /qmfvph/ttltfz/ttltfz/msczpj/smhsm
u /qmfvph/ttltfz/ttltfz/msczpj/smhsm/..
r /qmfvph/ttltfz/ttltfz/msczpj
u /qmfvph/ttltfz/ttltfz/msczpj/zhq
r /qmfvph/ttltfz/ttltfz/msczpj/zhq
u /qmfvph/ttltfz/ttltfz/msczpj/zhq/..
r /qmfvph/ttltfz/ttltfz/msczpj
u /qmfvph/ttltfz/ttltfz/msczpj/..
r /qmfvph/ttltfz/ttltfz
u /qmfvph/ttltfz/ttltfz/mvbhn
r /qmfvph/ttltfz/ttltfz/mvbhn
u /qmfvph/ttltfz/ttltfz/mvbhn/dnbmm
r /qmfvph/ttltfz/ttltfz/mvbhn/dnbmm
u /qmfvph/ttltfz/ttltfz/mvbhn/dnbmm/jqv
r /qmfvph/ttltfz/ttltfz/mvbhn/dnbmm/jqv
u /qmfvph/ttltfz/ttltfz/mvbhn/dnbmm/jqv/cpbr
r /qmfvph/ttltfz/ttltfz/mvbhn/dnbmm/jqv/cpbr
u /qmfvph/ttltfz/ttltfz/mvbhn/dnbmm/jqv/cpbr/..
r /qmfvph/ttltfz/ttltfz/mvbhn/dnbmm/jqv
u /qmfvph/ttltfz/ttltfz/mvbhn/dnbmm/jqv/..
r /qmfvph/ttltfz/ttltfz/mvbhn/dnbmm
u /qmfvph/ttltfz/ttltfz/mvbhn/dnbmm/lcclc
r /qmfvph/ttltfz/ttltfz/mvbhn/dnbmm/lcclc
u /qmfvph/ttltfz/ttltfz/mvbhn/dnbmm/lcclc/..
r /qmfvph/ttltfz/ttltfz/mvbhn/dnbmm
u /qmfvph/ttltfz/ttltfz/mvbhn/dnbmm/..
r /qmfvph/ttltfz/ttltfz/mvbhn
u /qmfvph/ttltfz/ttltfz/mvbhn/hws
r /qmfvph/ttltfz/ttltfz/mvbhn/hws
u /qmfvph/ttltfz/ttltfz/mvbhn/hws/jdz
r /qmfvph/ttltfz/ttltfz/mvbhn/hws/jdz
u /qmfvph/ttltfz/ttltfz/mvbhn/hws/jdz/dnbmm
r /qmfvph/ttltfz/ttltfz/mvbhn/hws/jdz/dnbmm
u /qmfvph/ttltfz/ttltfz/mvbhn/hws/jdz/dnbmm/..
r /qmfvph/ttltfz/ttltfz/mvbhn/hws/jdz
u /qmfvph/ttltfz/ttltfz/mvbhn/hws/jdz/..
r /qmfvph/ttltfz/ttltfz/mvbhn/hws
u /qmfvph/ttltfz/ttltfz/mvbhn/hws/pjd
r /qmfvph/ttltfz/ttltfz/mvbhn/hws/pjd
u /qmfvph/ttltfz/ttltfz/mvbhn/hws/pjd/bnwjc
r /qmfvph/ttltfz/ttltfz/mvbhn/hws/pjd/bnwjc
u /qmfvph/ttltfz/ttltfz/mvbhn/hws/pjd/bnwjc/..
r /qmfvph/ttltfz/ttltfz/mvbhn/hws/pjd
u /qmfvph/ttltfz/ttltfz/mvbhn/hws/pjd/pgvzhl
r /qmfvph/ttltfz/ttltfz/mvbhn/hws/pjd/pgvzhl
u /qmfvph/ttltfz/ttltfz/mvbhn/hws/pjd/pgvzhl/..
r /qmfvph/ttltfz/ttltfz/mvbhn/hws/pjd
u /qmfvph/ttltfz/ttltfz/mvbhn/hws/pjd/zhq
r /qmfvph/ttltfz/ttltfz/mvbhn/hws/pjd/zhq
u /qmfvph/ttltfz/ttltfz/mvbhn/hws/pjd/zhq/..
r /qmfvph/ttltfz/ttltfz/mvbhn/hws/pjd
u /qmfvph/ttltfz/ttltfz/mvbhn/hws/pjd/..
r /qmfvph/ttltfz/ttltfz/mvbhn/hws
u /qmfvph/ttltfz/ttltfz/mvbhn/hws/..
r /qmfvph/ttltfz/ttltfz/mvbhn
u /qmfvph/ttltfz/ttltfz/mvbhn/hwtsjfbb
r /qmfvph/ttltfz/ttltfz/mvbhn/hwtsjfbb
u /qmfvph/ttltfz/ttltfz/mvbhn/hwtsjfbb/clvljpb
r /qmfvph/ttltfz/ttltfz/mvbhn/hwtsjfbb/clvljpb
u /qmfvph/ttltfz/ttltfz/mvbhn/hwtsjfbb/clvljpb/..
r /qmfvph/ttltfz/ttltfz/mvbhn/hwtsjfbb
u /qmfvph/ttltfz/ttltfz/mvbhn/hwtsjfbb/fqclffr
r /qmfvph/ttltfz/ttltfz/mvbhn/hwtsjfbb/fqclffr
u /qmfvph/ttltfz/ttltfz/mvbhn/hwtsjfbb/fqclffr/..
r /qmfvph/ttltfz/ttltfz/mvbhn/hwtsjfbb
u /qmfvph/ttltfz/ttltfz/mvbhn/hwtsjfbb/hzqlb
r /qmfvph/ttltfz/ttltfz/mvbhn/hwtsjfbb/hzqlb
u /qmfvph/ttltfz/ttltfz/mvbhn/hwtsjfbb/hzqlb/..
r /qmfvph/ttltfz/ttltfz/mvbhn/hwtsjfbb
u /qmfvph/ttltfz/ttltfz/mvbhn/hwtsjfbb/wtz
r /qmfvph/ttltfz/ttltfz/mvbhn/hwtsjfbb/wtz
u /qmfvph/ttltfz/ttltfz/mvbhn/hwtsjfbb/wtz/wjsrb
r /qmfvph/ttltfz/ttltfz/mvbhn/hwtsjfbb/wtz/wjsrb
u /qmfvph/ttltfz/ttltfz/mvbhn/hwtsjfbb/wtz/wjsrb/..
r /qmfvph/ttltfz/ttltfz/mvbhn/hwtsjfbb/wtz
u /qmfvph/ttltfz/ttltfz/mvbhn/hwtsjfbb/wtz/zhh
r /qmfvph/ttltfz/ttltfz/mvbhn/hwtsjfbb/wtz/zhh
u /qmfvph/ttltfz/ttltfz/mvbhn/hwtsjfbb/wtz/zhh/..
r /qmfvph/ttltfz/ttltfz/mvbhn/hwtsjfbb/wtz
u /qmfvph/ttltfz/ttltfz/mvbhn/hwtsjfbb/wtz/..
r /qmfvph/ttltfz/ttltfz/mvbhn/hwtsjfbb
u /qmfvph/ttltfz/ttltfz/mvbhn/hwtsjfbb/..
r /qmfvph/ttltfz/ttltfz/mvbhn
u /qmfvph/ttltfz/ttltfz/mvbhn/hzqlb
r /qmfvph/ttltfz/ttltfz/mvbhn/hzqlb
u /qmfvph/ttltfz/ttltfz/mvbhn/hzqlb/..
r /qmfvph/ttltfz/ttltfz/mvbhn
u /qmfvph/ttltfz/ttltfz/mvbhn/mghrhcsj
r /qmfvph/ttltfz/ttltfz/mvbhn/mghrhcsj
u /qmfvph/ttltfz/ttltfz/mvbhn/mghrhcsj/..
r /qmfvph/ttltfz/ttltfz/mvbhn
u /qmfvph/ttltfz/ttltfz/mvbhn/mprvjd
r /qmfvph/ttltfz/ttltfz/mvbhn/mprvjd
u /qmfvph/ttltfz/ttltfz/mvbhn/mprvjd/zhq
r /qmfvph/ttltfz/ttltfz/mvbhn/mprvjd/zhq
u /qmfvph/ttltfz/ttltfz/mvbhn/mprvjd/zhq/..
r /qmfvph/ttltfz/ttltfz/mvbhn/mprvjd
u /qmfvph/ttltfz/ttltfz/mvbhn/mprvjd/..
r /qmfvph/ttltfz/ttltfz/mvbhn
u /qmfvph/ttltfz/ttltfz/mvbhn/qzrshw
r /qmfvph/ttltfz/ttltfz/mvbhn/qzrshw
u /qmfvph/ttltfz/ttltfz/mvbhn/qzrshw/ddgs
r /qmfvph/ttltfz/ttltfz/mvbhn/qzrshw/ddgs
u /qmfvph/ttltfz/ttltfz/mvbhn/qzrshw/ddgs/..
r /qmfvph/ttltfz/ttltfz/mvbhn/qzrshw
u /qmfvph/ttltfz/ttltfz/mvbhn/qzrshw/hzqlb
r /qmfvph/ttltfz/ttltfz/mvbhn/qzrshw/hzqlb
u /qmfvph/ttltfz/ttltfz/mvbhn/qzrshw/hzqlb/..
r /qmfvph/ttltfz/ttltfz/mvbhn/qzrshw
u /qmfvph/ttltfz/ttltfz/mvbhn/qzrshw/lmtfhtd
r /qmfvph/ttltfz/ttltfz/mvbhn/qzrshw/lmtfhtd
u /qmfvph/ttltfz/ttltfz/mvbhn/qzrshw/lmtfhtd/clvljpb
r /qmfvph/ttltfz/ttltfz/mvbhn/qzrshw/lmtfhtd/clvljpb
u /qmfvph/ttltfz/ttltfz/mvbhn/qzrshw/lmtfhtd/clvljpb/..
r /qmfvph/ttltfz/ttltfz/mvbhn/qzrshw/lmtfhtd
u /qmfvph/ttltfz/ttltfz/mvbhn/qzrshw/lmtfhtd/..
r /qmfvph/ttltfz/ttltfz/mvbhn/qzrshw
u /qmfvph/ttltfz/ttltfz/mvbhn/qzrshw/sjq
r /qmfvph/ttltfz/ttltfz/mvbhn/qzrshw/sjq
u /qmfvph/ttltfz/ttltfz/mvbhn/qzrshw/sjq/dnbmm
r /qmfvph/ttltfz/ttltfz/mvbhn/qzrshw/sjq/dnbmm
u /qmfvph/ttltfz/ttltfz/mvbhn/qzrshw/sjq/dnbmm/..
r /qmfvph/ttltfz/ttltfz/mvbhn/qzrshw/sjq
u /qmfvph/ttltfz/ttltfz/mvbhn/qzrshw/sjq/sllcrmp
r /qmfvph/ttltfz/ttltfz/mvbhn/qzrshw/sjq/sllcrmp
u /qmfvph/ttltfz/ttltfz/mvbhn/qzrshw/sjq/sllcrmp/hgtm
r /qmfvph/ttltfz/ttltfz/mvbhn/qzrshw/sjq/sllcrmp/hgtm
u /qmfvph/ttltfz/ttltfz/mvbhn/qzrshw/sjq/sllcrmp/hgtm/..
r /qmfvph/ttltfz/ttltfz/mvbhn/qzrshw/sjq/sllcrmp
u /qmfvph/ttltfz/ttltfz/mvbhn/qzrshw/sjq/sllcrmp/..
r /qmfvph/ttltfz/ttltfz/mvbhn/qzrshw/sjq
u /qmfvph/ttltfz/ttltfz/mvbhn/qzrshw/sjq/ttltfz
r /qmfvph/ttltfz/ttltfz/mvbhn/qzrshw/sjq/ttltfz
u /qmfvph/ttltfz/ttltfz/mvbhn/qzrshw/sjq/ttltfz/..
r /qmfvph/ttltfz/ttltfz/mvbhn/qzrshw/sjq
u /qmfvph/ttltfz/ttltfz/mvbhn/qzrshw/sjq/..
r /qmfvph/ttltfz/ttltfz/mvbhn/qzrshw
u /qmfvph/ttltfz/ttltfz/mvbhn/qzrshw/tdjh
r /qmfvph/ttltfz/ttltfz/mvbhn/qzrshw/tdjh
u /qmfvph/ttltfz/ttltfz/mvbhn/qzrshw/tdjh/..
r /qmfvph/ttltfz/ttltfz/mvbhn/qzrshw
u /qmfvph/ttltfz/ttltfz/mvbhn/qzrshw/..
r /qmfvph/ttltfz/ttltfz/mvbhn
u /qmfvph/ttltfz/ttltfz/mvbhn/vpp
r /qmfvph/ttltfz/ttltfz/mvbhn/vpp
u /qmfvph/ttltfz/ttltfz/mvbhn/vpp/..
r /qmfvph/ttltfz/ttltfz/mvbhn
u /qmfvph/ttltfz/ttltfz/mvbhn/..
r /qmfvph/ttltfz/ttltfz
u /qmfvph/ttltfz/ttltfz/ttjbnj
r /qmfvph/ttltfz/ttltfz/ttjbnj
u /qmfvph/ttltfz/ttltfz/ttjbnj/crlhpd
r /qmfvph/ttltfz/ttltfz/ttjbnj/crlhpd
u /qmfvph/ttltfz/ttltfz/ttjbnj/crlhpd/vmgdpf
r /qmfvph/ttltfz/ttltfz/ttjbnj/crlhpd/vmgdpf
u /qmfvph/ttltfz/ttltfz/ttjbnj/crlhpd/vmgdpf/..
r /qmfvph/ttltfz/ttltfz/ttjbnj/crlhpd
u /qmfvph/ttltfz/ttltfz/ttjbnj/crlhpd/..
r /qmfvph/ttltfz/ttltfz/ttjbnj
u /qmfvph/ttltfz/ttltfz/ttjbnj/ttltfz
r /qmfvph/ttltfz/ttltfz/ttjbnj/ttltfz
u /qmfvph/ttltfz/ttltfz/ttjbnj/ttltfz/gdf
r /qmfvph/ttltfz/ttltfz/ttjbnj/ttltfz/gdf
u /qmfvph/ttltfz/ttltfz/ttjbnj/ttltfz/gdf/..
r /qmfvph/ttltfz/ttltfz/ttjbnj/ttltfz
u /qmfvph/ttltfz/ttltfz/ttjbnj/ttltfz/hdh
r /qmfvph/ttltfz/ttltfz/ttjbnj/ttltfz/hdh
u /qmfvph/ttltfz/ttltfz/ttjbnj/ttltfz/hdh/..
r /qmfvph/ttltfz/ttltfz/ttjbnj/ttltfz
u /qmfvph/ttltfz/ttltfz/ttjbnj/ttltfz/jbfwr
r /qmfvph/ttltfz/ttltfz/ttjbnj/ttltfz/jbfwr
u /qmfvph/ttltfz/ttltfz/ttjbnj/ttltfz/jbfwr/..
r /qmfvph/ttltfz/ttltfz/ttjbnj/ttltfz
u /qmfvph/ttltfz/ttltfz/ttjbnj/ttltfz/..
r /qmfvph/ttltfz/ttltfz/ttjbnj
u /qmfvph/ttltfz/ttltfz/ttjbnj/..
r /qmfvph/ttltfz/ttltfz
u /qmfvph/ttltfz/ttltfz/ttltfz
r /qmfvph/ttltfz/ttltfz/ttltfz
u /qmfvph/ttltfz/ttltfz/ttltfz/..
r /qmfvph/ttltfz/ttltfz
u /qmfvph/ttltfz/ttltfz/vjj
r /qmfvph/ttltfz/ttltfz/vjj
u /qmfvph/ttltfz/ttltfz/vjj/..
r /qmfvph/ttltfz/ttltfz
u /qmfvph/ttltfz/ttltfz/zhq
r /qmfvph/ttltfz/ttltfz/zhq
u /qmfvph/ttltfz/ttltfz/zhq/dvm
r /qmfvph/ttltfz/ttltfz/zhq/dvm
u /qmfvph/ttltfz/ttltfz/zhq/dvm/cpsqlvbl
r /qmfvph/ttltfz/ttltfz/zhq/dvm/cpsqlvbl
u /qmfvph/ttltfz/ttltfz/zhq/dvm/cpsqlvbl/hzqlb
r /qmfvph/ttltfz/ttltfz/zhq/dvm/cpsqlvbl/hzqlb
u /qmfvph/ttltfz/ttltfz/zhq/dvm/cpsqlvbl/hzqlb/..
r /qmfvph/ttltfz/ttltfz/zhq/dvm/cpsqlvbl
u /qmfvph/ttltfz/ttltfz/zhq/dvm/cpsqlvbl/..
r /qmfvph/ttltfz/ttltfz/zhq/dvm
u /qmfvph/ttltfz/ttltfz/zhq/dvm/ffw
r /qmfvph/ttltfz/ttltfz/zhq/dvm/ffw
u /qmfvph/ttltfz/ttltfz/zhq/dvm/ffw/vwnlb
r /qmfvph/ttltfz/ttltfz/zhq/dvm/ffw/vwnlb
u /qmfvph/ttltfz/ttltfz/zhq/dvm/ffw/vwnlb/..
r /qmfvph/ttltfz/ttltfz/zhq/dvm/ffw
u /qmfvph/ttltfz/ttltfz/zhq/dvm/ffw/zhq
r /qmfvph/ttltfz/ttltfz/zhq/dvm/ffw/zhq
u /qmfvph/ttltfz/ttltfz/zhq/dvm/ffw/zhq/..
r /qmfvph/ttltfz/ttltfz/zhq/dvm/ffw
u /qmfvph/ttltfz/ttltfz/zhq/dvm/ffw/..
r /qmfvph/ttltfz/ttltfz/zhq/dvm
u /qmfvph/ttltfz/ttltfz/zhq/dvm/hzqlb
r /qmfvph/ttltfz/ttltfz/zhq/dvm/hzqlb
u /qmfvph/ttltfz/ttltfz/zhq/dvm/hzqlb/..
r /qmfvph/ttltfz/ttltfz/zhq/dvm
u /qmfvph/ttltfz/ttltfz/zhq/dvm/..
r /qmfvph/ttltfz/ttltfz/zhq
u /qmfvph/ttltfz/ttltfz/zhq/..
r /qmfvph/ttltfz/ttltfz
u /qmfvph/ttltfz/ttltfz/zqgcbnrt
r /qmfvph/ttltfz/ttltfz/zqgcbnrt
u /qmfvph/ttltfz/ttltfz/zqgcbnrt/..
r /qmfvph/ttltfz/ttltfz
u /qmfvph/ttltfz/ttltfz/..
r /qmfvph/ttltfz
u /qmfvph/ttltfz/wbvcf
r /qmfvph/ttltfz/wbvcf
u /qmfvph/ttltfz/wbvcf/dzh
r /qmfvph/ttltfz/wbvcf/dzh
u /qmfvph/ttltfz/wbvcf/dzh/..
r /qmfvph/ttltfz/wbvcf
u /qmfvph/ttltfz/wbvcf/..
r /qmfvph/ttltfz
u /qmfvph/ttltfz/wsqvpp
r /qmfvph/ttltfz/wsqvpp
u /qmfvph/ttltfz/wsqvpp/..
r /qmfvph/ttltfz
u /qmfvph/ttltfz/..
r /qmfvph
u /qmfvph/zcvfqn
r /qmfvph/zcvfqn
u /qmfvph/zcvfqn/nlnl
r /qmfvph/zcvfqn/nlnl
u /qmfvph/zcvfqn/nlnl/..
r /qmfvph/zcvfqn
u /qmfvph/zcvfqn/..
r /qmfvph
u /qmfvph/zhq
r /qmfvph/zhq
u /qmfvph/zhq/..
r /qmfvph
u /qmfvph/zpb
r /qmfvph/zpb
u /qmfvph/zpb/dnbmm
r /qmfvph/zpb/dnbmm
u /qmfvph/zpb/dnbmm/lfm
r /qmfvph/zpb/dnbmm/lfm
u /qmfvph/zpb/dnbmm/lfm/..
r /qmfvph/zpb/dnbmm
u /qmfvph/zpb/dnbmm/..
r /qmfvph/zpb
u /qmfvph/zpb/fsw
r /qmfvph/zpb/fsw
u /qmfvph/zpb/fsw/fffpsrvp
r /qmfvph/zpb/fsw/fffpsrvp
u /qmfvph/zpb/fsw/fffpsrvp/gflwnfc
r /qmfvph/zpb/fsw/fffpsrvp/gflwnfc
u /qmfvph/zpb/fsw/fffpsrvp/gflwnfc/..
r /qmfvph/zpb/fsw/fffpsrvp
u /qmfvph/zpb/fsw/fffpsrvp/..
r /qmfvph/zpb/fsw
u /qmfvph/zpb/fsw/qtwvgmtl
r /qmfvph/zpb/fsw/qtwvgmtl
u /qmfvph/zpb/fsw/qtwvgmtl/rcssfd
r /qmfvph/zpb/fsw/qtwvgmtl/rcssfd
